#
# There is insufficient memory for the Java Runtime Environment to continue.
# Native memory allocation (mmap) failed to map 125829120 bytes. Error detail: G1 virtual space
# Possible reasons:
#   The system is out of physical RAM or swap space
#   This process is running with CompressedOops enabled, and the Java Heap may be blocking the growth of the native heap
# Possible solutions:
#   Reduce memory load on the system
#   Increase physical memory or swap space
#   Check if swap backing store is full
#   Decrease Java heap size (-Xmx/-Xms)
#   Decrease number of Java threads
#   Decrease Java thread stack sizes (-Xss)
#   Set larger code cache with -XX:ReservedCodeCacheSize=
#   JVM is running with Zero Based Compressed Oops mode in which the Java heap is
#     placed in the first 32GB address space. The Java Heap base address is the
#     maximum limit for the native heap growth. Please use -XX:HeapBaseMinAddress
#     to set the Java Heap base and to place the Java Heap above 32GB virtual address.
# This output file may be truncated or incomplete.
#
#  Out of Memory Error (os_windows.cpp:3564), pid=856, tid=11392
#
# JRE version: Java(TM) SE Runtime Environment (24.0.1+9) (build 24.0.1+9-30)
# Java VM: Java HotSpot(TM) 64-Bit Server VM (24.0.1+9-30, mixed mode, sharing, tiered, compressed oops, compressed class ptrs, g1 gc, windows-amd64)
# No core dump will be written. Minidumps are not enabled by default on client versions of Windows
#

---------------  S U M M A R Y ------------

Command Line: --add-opens=java.base/java.lang=ALL-UNNAMED --add-opens=java.base/java.lang.invoke=ALL-UNNAMED --add-opens=java.base/java.util=ALL-UNNAMED --add-opens=java.prefs/java.util.prefs=ALL-UNNAMED --add-exports=jdk.compiler/com.sun.tools.javac.api=ALL-UNNAMED --add-exports=jdk.compiler/com.sun.tools.javac.util=ALL-UNNAMED --add-opens=java.base/java.util=ALL-UNNAMED --add-opens=java.prefs/java.util.prefs=ALL-UNNAMED --add-opens=java.base/java.nio.charset=ALL-UNNAMED --add-opens=java.base/java.net=ALL-UNNAMED --add-opens=java.base/java.util.concurrent.atomic=ALL-UNNAMED --add-opens=java.xml/javax.xml.namespace=ALL-UNNAMED --enable-native-access=ALL-UNNAMED -XX:MaxMetaspaceSize=4G -XX:ReservedCodeCacheSize=512m -XX:+HeapDumpOnOutOfMemoryError -Xmx8G -Dfile.encoding=UTF-8 -Duser.country=US -Duser.language=en -Duser.variant -javaagent:C:\Users\HAPPY COMPUTER\.gradle\wrapper\dists\gradle-8.14-all\c2qonpi39x1mddn7hk5gh9iqj\gradle-8.14\lib\agents\gradle-instrumentation-agent-8.14.jar org.gradle.launcher.daemon.bootstrap.GradleDaemon 8.14

Host: AMD Athlon Gold 3150U with Radeon Graphics     , 4 cores, 3G,  Windows 11 , 64 bit Build 22000 (10.0.22000.120)
Time: Sun Feb 22 12:04:53 2026 SE Asia Standard Time elapsed time: 348.547914 seconds (0d 0h 5m 48s)

---------------  T H R E A D  ---------------

Current thread (0x000001e4c868b260):  VMThread "VM Thread"          [id=11392, stack(0x000000ab20a00000,0x000000ab20b00000) (1024K)]

Stack: [0x000000ab20a00000,0x000000ab20b00000]
Native frames: (J=compiled Java code, j=interpreted, Vv=VM code, C=native code)
V  [jvm.dll+0x730739]  (no source info available)
V  [jvm.dll+0x8d9b23]  (no source info available)
V  [jvm.dll+0x8dc00d]  (no source info available)
V  [jvm.dll+0x8dc683]  (no source info available)
V  [jvm.dll+0x2aa086]  (no source info available)
V  [jvm.dll+0x72cc65]  (no source info available)
V  [jvm.dll+0x72059a]  (no source info available)
V  [jvm.dll+0x390cea]  (no source info available)
V  [jvm.dll+0x3989f6]  (no source info available)
V  [jvm.dll+0x38523e]  (no source info available)
V  [jvm.dll+0x3854f8]  (no source info available)
V  [jvm.dll+0x35d0cc]  (no source info available)
V  [jvm.dll+0x35d15a]  (no source info available)
V  [jvm.dll+0x3aa702]  (no source info available)
V  [jvm.dll+0x3a8d82]  (no source info available)
V  [jvm.dll+0x35c897]  (no source info available)
V  [jvm.dll+0x3a8534]  (no source info available)
V  [jvm.dll+0x8e2742]  (no source info available)
V  [jvm.dll+0x8e3a8c]  (no source info available)
V  [jvm.dll+0x8e3ff8]  (no source info available)
V  [jvm.dll+0x8e4293]  (no source info available)
V  [jvm.dll+0x87d76b]  (no source info available)
V  [jvm.dll+0x72ee55]  (no source info available)
C  [ucrtbase.dll+0x26c0c]  (no source info available)
C  [KERNEL32.DLL+0x154e0]  (no source info available)
C  [ntdll.dll+0x485b]  (no source info available)

VM_Operation (0x000000ab224feb10): G1CollectForAllocation, mode: safepoint, requested by thread 0x000001e511ac8ef0


---------------  P R O C E S S  ---------------

Threads class SMR info:
_java_thread_list=0x000001e52334a250, length=89, elements={
0x000001e493801440, 0x000001e4c8698800, 0x000001e4c86996b0, 0x000001e4c869cc80,
0x000001e4c869d7b0, 0x000001e4c869e2e0, 0x000001e4c869ee10, 0x000001e4c869fc70,
0x000001e4c870d780, 0x000001e4cac9c8d0, 0x000001e4cad579f0, 0x000001e4c86d7020,
0x000001e5101ce130, 0x000001e511724170, 0x000001e5115c0440, 0x000001e5115c0b80,
0x000001e511077f50, 0x000001e5110786a0, 0x000001e511075ac0, 0x000001e511076960,
0x000001e511076210, 0x000001e511077800, 0x000001e511ac9640, 0x000001e511ac8ef0,
0x000001e511ac71b0, 0x000001e511ac7900, 0x000001e511ac87a0, 0x000001e511ac8050,
0x000001e511ac6310, 0x000001e511ac6a60, 0x000001e512343350, 0x000001e512341610,
0x000001e512340020, 0x000001e51233f8d0, 0x000001e512342c00, 0x000001e5123441f0,
0x000001e512341d60, 0x000001e5123457e0, 0x000001e512340770, 0x000001e51233ea30,
0x000001e5110770b0, 0x000001e51352acd0, 0x000001e513528840, 0x000001e5135279a0,
0x000001e513527250, 0x000001e51352a580, 0x000001e51352bb70, 0x000001e5135296e0,
0x000001e513525c60, 0x000001e4cac7b650, 0x000001e4cac7f0d0, 0x000001e4cac7cc40,
0x000001e4cac78a70, 0x000001e4cac7dae0, 0x000001e4cac79910, 0x000001e4cac7bda0,
0x000001e4cac7d390, 0x000001e4cac7e980, 0x000001e4cac7a060, 0x000001e4cac7a7b0,
0x000001e4cac7af00, 0x000001e4cac7c4f0, 0x000001e515477800, 0x000001e515474c20,
0x000001e515478df0, 0x000001e515472040, 0x000001e515473d80, 0x000001e5154786a0,
0x000001e515479540, 0x000001e515472ee0, 0x000001e515476960, 0x000001e515475370,
0x000001e51420d2c0, 0x000001e51420b580, 0x000001e514209840, 0x000001e514208250,
0x000001e51420cb70, 0x000001e51420e8b0, 0x000001e514209f90, 0x000001e51420a6e0,
0x000001e514207b00, 0x000001e51420f000, 0x000001e5142090f0, 0x000001e5149bc820,
0x000001e5149bd6c0, 0x000001e5149be560, 0x000001e515420400, 0x000001e515422140,
0x000001e5154212a0
}

Java Threads: ( => current thread )
  0x000001e493801440 JavaThread "main"                              [_thread_blocked, id=24292, stack(0x000000ab20300000,0x000000ab20400000) (1024K)]
  0x000001e4c8698800 JavaThread "Reference Handler"          daemon [_thread_blocked, id=24124, stack(0x000000ab20b00000,0x000000ab20c00000) (1024K)]
  0x000001e4c86996b0 JavaThread "Finalizer"                  daemon [_thread_blocked, id=12448, stack(0x000000ab20c00000,0x000000ab20d00000) (1024K)]
  0x000001e4c869cc80 JavaThread "Signal Dispatcher"          daemon [_thread_blocked, id=18524, stack(0x000000ab20d00000,0x000000ab20e00000) (1024K)]
  0x000001e4c869d7b0 JavaThread "Attach Listener"            daemon [_thread_blocked, id=21736, stack(0x000000ab20e00000,0x000000ab20f00000) (1024K)]
  0x000001e4c869e2e0 JavaThread "Service Thread"             daemon [_thread_blocked, id=15780, stack(0x000000ab20f00000,0x000000ab21000000) (1024K)]
  0x000001e4c869ee10 JavaThread "Monitor Deflation Thread"   daemon [_thread_blocked, id=15696, stack(0x000000ab21000000,0x000000ab21100000) (1024K)]
  0x000001e4c869fc70 JavaThread "C2 CompilerThread0"         daemon [_thread_blocked, id=22024, stack(0x000000ab21100000,0x000000ab21200000) (1024K)]
  0x000001e4c870d780 JavaThread "C1 CompilerThread0"         daemon [_thread_blocked, id=16532, stack(0x000000ab21200000,0x000000ab21300000) (1024K)]
  0x000001e4cac9c8d0 JavaThread "Common-Cleaner"             daemon [_thread_blocked, id=23960, stack(0x000000ab21300000,0x000000ab21400000) (1024K)]
  0x000001e4cad579f0 JavaThread "Notification Thread"        daemon [_thread_blocked, id=12572, stack(0x000000ab21400000,0x000000ab21500000) (1024K)]
  0x000001e4c86d7020 JavaThread "Daemon health stats"               [_thread_blocked, id=14452, stack(0x000000ab21600000,0x000000ab21700000) (1024K)]
  0x000001e5101ce130 JavaThread "Incoming local TCP Connector on port 53625"        [_thread_in_native, id=9684, stack(0x000000ab21900000,0x000000ab21a00000) (1024K)]
  0x000001e511724170 JavaThread "Daemon periodic checks"            [_thread_blocked, id=876, stack(0x000000ab21a00000,0x000000ab21b00000) (1024K)]
  0x000001e5115c0440 JavaThread "Daemon"                            [_thread_blocked, id=11884, stack(0x000000ab21b00000,0x000000ab21c00000) (1024K)]
  0x000001e5115c0b80 JavaThread "Handler for socket connection from /127.0.0.1:53625 to /127.0.0.1:53626"        [_thread_in_native, id=14436, stack(0x000000ab21c00000,0x000000ab21d00000) (1024K)]
  0x000001e511077f50 JavaThread "Cancel handler"                    [_thread_blocked, id=11276, stack(0x000000ab21d00000,0x000000ab21e00000) (1024K)]
  0x000001e5110786a0 JavaThread "Daemon worker"                     [_thread_blocked, id=14988, stack(0x000000ab21e00000,0x000000ab21f00000) (1024K)]
  0x000001e511075ac0 JavaThread "Asynchronous log dispatcher for DefaultDaemonConnection: socket connection from /127.0.0.1:53625 to /127.0.0.1:53626"        [_thread_blocked, id=16996, stack(0x000000ab21f00000,0x000000ab22000000) (1024K)]
  0x000001e511076960 JavaThread "Stdin handler"                     [_thread_blocked, id=1452, stack(0x000000ab22000000,0x000000ab22100000) (1024K)]
  0x000001e511076210 JavaThread "Daemon client event forwarder"        [_thread_blocked, id=1736, stack(0x000000ab22100000,0x000000ab22200000) (1024K)]
  0x000001e511077800 JavaThread "Cache worker for journal cache (C:\Users\HAPPY COMPUTER\.gradle\caches\journal-1)"        [_thread_blocked, id=10852, stack(0x000000ab22200000,0x000000ab22300000) (1024K)]
  0x000001e511ac9640 JavaThread "File lock request listener"        [_thread_in_native, id=12424, stack(0x000000ab22300000,0x000000ab22400000) (1024K)]
  0x000001e511ac8ef0 JavaThread "Cache worker for file hash cache (C:\Users\HAPPY COMPUTER\.gradle\caches\8.14\fileHashes)"        [_thread_blocked, id=23696, stack(0x000000ab22400000,0x000000ab22500000) (1024K)]
  0x000001e511ac71b0 JavaThread "Cache worker for file hash cache (D:\JEJAK CILIK\jejak_cilik\android\.gradle\8.14\fileHashes)"        [_thread_blocked, id=22816, stack(0x000000ab22500000,0x000000ab22600000) (1024K)]
  0x000001e511ac7900 JavaThread "Cache worker for Build Output Cleanup Cache (D:\JEJAK CILIK\jejak_cilik\android\.gradle\buildOutputCleanup)"        [_thread_blocked, id=14560, stack(0x000000ab22600000,0x000000ab22700000) (1024K)]
  0x000001e511ac87a0 JavaThread "File watcher server"        daemon [_thread_in_native, id=14776, stack(0x000000ab22700000,0x000000ab22800000) (1024K)]
  0x000001e511ac8050 JavaThread "File watcher consumer"      daemon [_thread_blocked, id=20464, stack(0x000000ab22800000,0x000000ab22900000) (1024K)]
  0x000001e511ac6310 JavaThread "jar transforms"                    [_thread_blocked, id=22320, stack(0x000000ab22900000,0x000000ab22a00000) (1024K)]
  0x000001e511ac6a60 JavaThread "jar transforms Thread 2"           [_thread_blocked, id=2796, stack(0x000000ab22a00000,0x000000ab22b00000) (1024K)]
  0x000001e512343350 JavaThread "jar transforms Thread 3"           [_thread_blocked, id=18488, stack(0x000000ab22b00000,0x000000ab22c00000) (1024K)]
  0x000001e512341610 JavaThread "jar transforms Thread 4"           [_thread_blocked, id=4768, stack(0x000000ab22c00000,0x000000ab22d00000) (1024K)]
  0x000001e512340020 JavaThread "Cache worker for checksums cache (D:\JEJAK CILIK\jejak_cilik\android\.gradle\8.14\checksums)"        [_thread_blocked, id=23164, stack(0x000000ab22d00000,0x000000ab22e00000) (1024K)]
  0x000001e51233f8d0 JavaThread "Cache worker for file content cache (C:\Users\HAPPY COMPUTER\.gradle\caches\8.14\fileContent)"        [_thread_blocked, id=12476, stack(0x000000ab22e00000,0x000000ab22f00000) (1024K)]
  0x000001e512342c00 JavaThread "Cache worker for cache directory md-supplier (C:\Users\HAPPY COMPUTER\.gradle\caches\8.14\md-supplier)"        [_thread_blocked, id=23968, stack(0x000000ab20000000,0x000000ab20100000) (1024K)]
  0x000001e5123441f0 JavaThread "Cache worker for cache directory md-rule (C:\Users\HAPPY COMPUTER\.gradle\caches\8.14\md-rule)"        [_thread_blocked, id=20072, stack(0x000000ab22f00000,0x000000ab23000000) (1024K)]
  0x000001e512341d60 JavaThread "Cache worker for Build Output Cleanup Cache (D:\SRC\flutter\packages\flutter_tools\gradle\.gradle\buildOutputCleanup)"        [_thread_blocked, id=9988, stack(0x000000ab23000000,0x000000ab23100000) (1024K)]
  0x000001e5123457e0 JavaThread "Unconstrained build operations"        [_thread_blocked, id=4072, stack(0x000000ab23100000,0x000000ab23200000) (1024K)]
  0x000001e512340770 JavaThread "Unconstrained build operations Thread 2"        [_thread_blocked, id=22360, stack(0x000000ab23200000,0x000000ab23300000) (1024K)]
  0x000001e51233ea30 JavaThread "Unconstrained build operations Thread 3"        [_thread_blocked, id=8844, stack(0x000000ab23300000,0x000000ab23400000) (1024K)]
  0x000001e5110770b0 JavaThread "Unconstrained build operations Thread 4"        [_thread_blocked, id=18020, stack(0x000000ab23400000,0x000000ab23500000) (1024K)]
  0x000001e51352acd0 JavaThread "Unconstrained build operations Thread 5"        [_thread_blocked, id=22752, stack(0x000000ab23500000,0x000000ab23600000) (1024K)]
  0x000001e513528840 JavaThread "Unconstrained build operations Thread 6"        [_thread_blocked, id=19316, stack(0x000000ab23600000,0x000000ab23700000) (1024K)]
  0x000001e5135279a0 JavaThread "Unconstrained build operations Thread 7"        [_thread_blocked, id=11596, stack(0x000000ab23700000,0x000000ab23800000) (1024K)]
  0x000001e513527250 JavaThread "Unconstrained build operations Thread 8"        [_thread_blocked, id=24188, stack(0x000000ab23800000,0x000000ab23900000) (1024K)]
  0x000001e51352a580 JavaThread "Unconstrained build operations Thread 9"        [_thread_blocked, id=6856, stack(0x000000ab23900000,0x000000ab23a00000) (1024K)]
  0x000001e51352bb70 JavaThread "Memory manager"                    [_thread_blocked, id=1132, stack(0x000000ab23a00000,0x000000ab23b00000) (1024K)]
  0x000001e5135296e0 JavaThread "build event listener"              [_thread_blocked, id=1544, stack(0x000000ab23c00000,0x000000ab23d00000) (1024K)]
  0x000001e513525c60 JavaThread "Kotlin DSL Writer"                 [_thread_blocked, id=19312, stack(0x000000ab23b00000,0x000000ab23c00000) (1024K)]
  0x000001e4cac7b650 JavaThread "Execution worker"                  [_thread_blocked, id=14020, stack(0x000000ab23d00000,0x000000ab23e00000) (1024K)]
  0x000001e4cac7f0d0 JavaThread "Execution worker Thread 2"         [_thread_blocked, id=22452, stack(0x000000ab23e00000,0x000000ab23f00000) (1024K)]
  0x000001e4cac7cc40 JavaThread "Execution worker Thread 3"         [_thread_blocked, id=2416, stack(0x000000ab23f00000,0x000000ab24000000) (1024K)]
  0x000001e4cac78a70 JavaThread "Cache worker for execution history cache (D:\SRC\flutter\packages\flutter_tools\gradle\.gradle\8.14\executionHistory)"        [_thread_blocked, id=4800, stack(0x000000ab24000000,0x000000ab24100000) (1024K)]
  0x000001e4cac7dae0 JavaThread "Unconstrained build operations Thread 10"        [_thread_blocked, id=21632, stack(0x000000ab24100000,0x000000ab24200000) (1024K)]
  0x000001e4cac79910 JavaThread "Unconstrained build operations Thread 11"        [_thread_blocked, id=11164, stack(0x000000ab24200000,0x000000ab24300000) (1024K)]
  0x000001e4cac7bda0 JavaThread "Unconstrained build operations Thread 12"        [_thread_blocked, id=19124, stack(0x000000ab24300000,0x000000ab24400000) (1024K)]
  0x000001e4cac7d390 JavaThread "Unconstrained build operations Thread 13"        [_thread_blocked, id=12224, stack(0x000000ab24400000,0x000000ab24500000) (1024K)]
  0x000001e4cac7e980 JavaThread "Unconstrained build operations Thread 14"        [_thread_blocked, id=22188, stack(0x000000ab24500000,0x000000ab24600000) (1024K)]
  0x000001e4cac7a060 JavaThread "Unconstrained build operations Thread 15"        [_thread_blocked, id=24192, stack(0x000000ab24600000,0x000000ab24700000) (1024K)]
  0x000001e4cac7a7b0 JavaThread "Unconstrained build operations Thread 16"        [_thread_blocked, id=19480, stack(0x000000ab24700000,0x000000ab24800000) (1024K)]
  0x000001e4cac7af00 JavaThread "Unconstrained build operations Thread 17"        [_thread_blocked, id=19592, stack(0x000000ab24800000,0x000000ab24900000) (1024K)]
  0x000001e4cac7c4f0 JavaThread "Unconstrained build operations Thread 18"        [_thread_blocked, id=17076, stack(0x000000ab24900000,0x000000ab24a00000) (1024K)]
  0x000001e515477800 JavaThread "Unconstrained build operations Thread 19"        [_thread_blocked, id=21864, stack(0x000000ab24a00000,0x000000ab24b00000) (1024K)]
  0x000001e515474c20 JavaThread "Unconstrained build operations Thread 20"        [_thread_blocked, id=17040, stack(0x000000ab24b00000,0x000000ab24c00000) (1024K)]
  0x000001e515478df0 JavaThread "WorkerExecutor Queue"              [_thread_blocked, id=13884, stack(0x000000ab24c00000,0x000000ab24d00000) (1024K)]
  0x000001e515472040 JavaThread "RMI Scheduler(0)"           daemon [_thread_blocked, id=5136, stack(0x000000ab24d00000,0x000000ab24e00000) (1024K)]
  0x000001e515473d80 JavaThread "RMI GC Daemon"              daemon [_thread_blocked, id=10864, stack(0x000000ab24f00000,0x000000ab25000000) (1024K)]
  0x000001e5154786a0 JavaThread "RMI TCP Accept-0"           daemon [_thread_in_native, id=23732, stack(0x000000ab25000000,0x000000ab25100000) (1024K)]
  0x000001e515479540 JavaThread "RMI Reaper"                        [_thread_blocked, id=23420, stack(0x000000ab25100000,0x000000ab25200000) (1024K)]
  0x000001e515472ee0 JavaThread "Unconstrained build operations Thread 21"        [_thread_blocked, id=23016, stack(0x000000ab25200000,0x000000ab25300000) (1024K)]
  0x000001e515476960 JavaThread "Unconstrained build operations Thread 22"        [_thread_blocked, id=14880, stack(0x000000ab25300000,0x000000ab25400000) (1024K)]
  0x000001e515475370 JavaThread "Unconstrained build operations Thread 23"        [_thread_blocked, id=9256, stack(0x000000ab25400000,0x000000ab25500000) (1024K)]
  0x000001e51420d2c0 JavaThread "Unconstrained build operations Thread 24"        [_thread_blocked, id=6268, stack(0x000000ab25500000,0x000000ab25600000) (1024K)]
  0x000001e51420b580 JavaThread "Unconstrained build operations Thread 25"        [_thread_blocked, id=19064, stack(0x000000ab25600000,0x000000ab25700000) (1024K)]
  0x000001e514209840 JavaThread "Unconstrained build operations Thread 26"        [_thread_blocked, id=5620, stack(0x000000ab25700000,0x000000ab25800000) (1024K)]
  0x000001e514208250 JavaThread "Unconstrained build operations Thread 27"        [_thread_blocked, id=23992, stack(0x000000ab25800000,0x000000ab25900000) (1024K)]
  0x000001e51420cb70 JavaThread "Unconstrained build operations Thread 28"        [_thread_blocked, id=23784, stack(0x000000ab25900000,0x000000ab25a00000) (1024K)]
  0x000001e51420e8b0 JavaThread "Unconstrained build operations Thread 29"        [_thread_blocked, id=22644, stack(0x000000ab25a00000,0x000000ab25b00000) (1024K)]
  0x000001e514209f90 JavaThread "Unconstrained build operations Thread 30"        [_thread_blocked, id=10228, stack(0x000000ab25b00000,0x000000ab25c00000) (1024K)]
  0x000001e51420a6e0 JavaThread "Unconstrained build operations Thread 31"        [_thread_blocked, id=21780, stack(0x000000ab25c00000,0x000000ab25d00000) (1024K)]
  0x000001e514207b00 JavaThread "Unconstrained build operations Thread 32"        [_thread_blocked, id=22676, stack(0x000000ab25d00000,0x000000ab25e00000) (1024K)]
  0x000001e51420f000 JavaThread "Unconstrained build operations Thread 33"        [_thread_blocked, id=18236, stack(0x000000ab25e00000,0x000000ab25f00000) (1024K)]
  0x000001e5142090f0 JavaThread "Unconstrained build operations Thread 34"        [_thread_blocked, id=8452, stack(0x000000ab25f00000,0x000000ab26000000) (1024K)]
  0x000001e5149bc820 JavaThread "Unconstrained build operations Thread 35"        [_thread_blocked, id=2000, stack(0x000000ab26000000,0x000000ab26100000) (1024K)]
  0x000001e5149bd6c0 JavaThread "Unconstrained build operations Thread 36"        [_thread_blocked, id=16276, stack(0x000000ab26100000,0x000000ab26200000) (1024K)]
  0x000001e5149be560 JavaThread "Unconstrained build operations Thread 37"        [_thread_blocked, id=22956, stack(0x000000ab26200000,0x000000ab26300000) (1024K)]
  0x000001e515420400 JavaThread "Unconstrained build operations Thread 38"        [_thread_blocked, id=13588, stack(0x000000ab26300000,0x000000ab26400000) (1024K)]
  0x000001e515422140 JavaThread "Unconstrained build operations Thread 39"        [_thread_blocked, id=8808, stack(0x000000ab26400000,0x000000ab26500000) (1024K)]
  0x000001e5154212a0 JavaThread "Unconstrained build operations Thread 40"        [_thread_blocked, id=11764, stack(0x000000ab26500000,0x000000ab26600000) (1024K)]
Total: 89

Other Threads:
=>0x000001e4c868b260 VMThread "VM Thread"                           [id=11392, stack(0x000000ab20a00000,0x000000ab20b00000) (1024K)]
  0x000001e4c867d4f0 WatcherThread "VM Periodic Task Thread"        [id=23464, stack(0x000000ab20900000,0x000000ab20a00000) (1024K)]
  0x000001e495b09d60 WorkerThread "GC Thread#0"                     [id=13248, stack(0x000000ab20400000,0x000000ab20500000) (1024K)]
  0x000001e51048ee30 WorkerThread "GC Thread#1"                     [id=19604, stack(0x000000ab21500000,0x000000ab21600000) (1024K)]
  0x000001e510a9a780 WorkerThread "GC Thread#2"                     [id=10948, stack(0x000000ab21700000,0x000000ab21800000) (1024K)]
  0x000001e510a9a020 WorkerThread "GC Thread#3"                     [id=11580, stack(0x000000ab21800000,0x000000ab21900000) (1024K)]
  0x000001e495b0e9e0 ConcurrentGCThread "G1 Main Marker"            [id=10788, stack(0x000000ab20500000,0x000000ab20600000) (1024K)]
  0x000001e4c8521070 WorkerThread "G1 Conc#0"                       [id=24268, stack(0x000000ab20600000,0x000000ab20700000) (1024K)]
  0x000001e4c8540130 ConcurrentGCThread "G1 Refine#0"               [id=8996, stack(0x000000ab20700000,0x000000ab20800000) (1024K)]
  0x000001e4c8541b60 ConcurrentGCThread "G1 Service"                [id=21748, stack(0x000000ab20800000,0x000000ab20900000) (1024K)]
Total: 10

Threads with active compile tasks:
C2 CompilerThread0  349025 24877       4       org.objectweb.asm.MethodWriter::putMethodInfo (1274 bytes)
Total: 1

VM state: at safepoint (normal execution)

VM Mutex/Monitor currently owned by a thread:  ([mutex/lock_event])
[0x00007ff9657444b0] Threads_lock - owner thread: 0x000001e4c868b260
[0x00007ff9657445b0] Heap_lock - owner thread: 0x000001e511ac8ef0

Heap address: 0x0000000600000000, size: 8192 MB, Compressed Oops mode: Zero based, Oop shift amount: 3

CDS archive(s) mapped at: [0x000001e4cb000000-0x000001e4cbd40000-0x000001e4cbd40000), size 13893632, SharedBaseAddress: 0x000001e4cb000000, ArchiveRelocationMode: 1.
Compressed class space mapped at: 0x000001e4cc000000-0x000001e50c000000, reserved size: 1073741824
UseCompressedClassPointers 1, UseCompactObjectHeaders 0
Narrow klass pointer bits 32, Max shift 3
Narrow klass base: 0x000001e4cb000000, Narrow klass shift: 0
Encoding Range: [0x000001e4cb000000 - 0x000001e5cb000000), (4294967296 bytes)
Klass Range:    [0x000001e4cb000000 - 0x000001e50c000000), (1090519040 bytes)
Klass ID Range:  [8 - 1090519033) (1090519025)

GC Precious Log:
 CardTable entry size: 512
 Card Set container configuration: InlinePtr #cards 4 size 8 Array Of Cards #cards 32 size 80 Howl #buckets 8 coarsen threshold 7372 Howl Bitmap #cards 1024 size 144 coarsen threshold 921 Card regions per heap region 1 cards per card region 8192
 CPUs: 4 total, 4 available
 Memory: 3534M
 Large Page Support: Disabled
 NUMA Support: Disabled
 Compressed Oops: Enabled (Zero based)
 Heap Region Size: 4M
 Heap Min Capacity: 8M
 Heap Initial Capacity: 56M
 Heap Max Capacity: 8G
 Pre-touch: Disabled
 Parallel Workers: 4
 Concurrent Workers: 1
 Concurrent Refinement Workers: 4
 Periodic GC: Disabled

Heap:
 garbage-first heap   total reserved 8388608K, committed 602112K, used 215597K [0x0000000600000000, 0x0000000800000000)
  region size 4096K, 5 young (20480K), 5 survivors (20480K)
 Metaspace       used 158066K, committed 160768K, reserved 1245184K
  class space    used 17237K, committed 18496K, reserved 1048576K

Heap Regions: E=young(eden), S=young(survivor), O=old, HS=humongous(starts), HC=humongous(continues), CS=collection set, F=free, TAMS=top-at-mark-start, PB=parsable bottom
|   0|0x0000000600000000, 0x0000000600400000, 0x0000000600400000|100%| O|  |TAMS 0x0000000600000000| PB 0x0000000600000000| Untracked |  0
|   1|0x0000000600400000, 0x0000000600800000, 0x0000000600800000|100%|HS|  |TAMS 0x0000000600400000| PB 0x0000000600400000| Complete |  0
|   2|0x0000000600800000, 0x0000000600c00000, 0x0000000600c00000|100%| O|  |TAMS 0x0000000600800000| PB 0x0000000600800000| Untracked |  0
|   3|0x0000000600c00000, 0x0000000601000000, 0x0000000601000000|100%| O|  |TAMS 0x0000000600c00000| PB 0x0000000600c00000| Untracked |  0
|   4|0x0000000601000000, 0x0000000601400000, 0x0000000601400000|100%| O|  |TAMS 0x0000000601000000| PB 0x0000000601000000| Untracked |  0
|   5|0x0000000601400000, 0x0000000601800000, 0x0000000601800000|100%| O|  |TAMS 0x0000000601400000| PB 0x0000000601400000| Untracked |  0
|   6|0x0000000601800000, 0x0000000601c00000, 0x0000000601c00000|100%| O|  |TAMS 0x0000000601800000| PB 0x0000000601800000| Untracked |  0
|   7|0x0000000601c00000, 0x0000000602000000, 0x0000000602000000|100%| O|  |TAMS 0x0000000601c00000| PB 0x0000000601c00000| Untracked |  0
|   8|0x0000000602000000, 0x0000000602400000, 0x0000000602400000|100%| O|  |TAMS 0x0000000602000000| PB 0x0000000602000000| Untracked |  0
|   9|0x0000000602400000, 0x0000000602800000, 0x0000000602800000|100%| O|  |TAMS 0x0000000602400000| PB 0x0000000602400000| Untracked |  0
|  10|0x0000000602800000, 0x0000000602c00000, 0x0000000602c00000|100%| O|  |TAMS 0x0000000602800000| PB 0x0000000602800000| Untracked |  0
|  11|0x0000000602c00000, 0x0000000603000000, 0x0000000603000000|100%| O|  |TAMS 0x0000000602c00000| PB 0x0000000602c00000| Untracked |  0
|  12|0x0000000603000000, 0x0000000603400000, 0x0000000603400000|100%| O|  |TAMS 0x0000000603000000| PB 0x0000000603000000| Untracked |  0
|  13|0x0000000603400000, 0x0000000603800000, 0x0000000603800000|100%| O|  |TAMS 0x0000000603400000| PB 0x0000000603400000| Untracked |  0
|  14|0x0000000603800000, 0x0000000603c00000, 0x0000000603c00000|100%|HS|  |TAMS 0x0000000603800000| PB 0x0000000603800000| Complete |  0
|  15|0x0000000603c00000, 0x0000000604000000, 0x0000000604000000|100%| O|  |TAMS 0x0000000603c00000| PB 0x0000000603c00000| Untracked |  0
|  16|0x0000000604000000, 0x0000000604400000, 0x0000000604400000|100%|HS|  |TAMS 0x0000000604000000| PB 0x0000000604000000| Complete |  0
|  17|0x0000000604400000, 0x0000000604800000, 0x0000000604800000|100%| O|  |TAMS 0x0000000604400000| PB 0x0000000604400000| Untracked |  0
|  18|0x0000000604800000, 0x0000000604c00000, 0x0000000604c00000|100%| O|  |TAMS 0x0000000604800000| PB 0x0000000604800000| Untracked |  0
|  19|0x0000000604c00000, 0x0000000605000000, 0x0000000605000000|100%| O|  |TAMS 0x0000000604c00000| PB 0x0000000604c00000| Untracked |  0
|  20|0x0000000605000000, 0x0000000605400000, 0x0000000605400000|100%| O|  |TAMS 0x0000000605000000| PB 0x0000000605000000| Untracked |  0
|  21|0x0000000605400000, 0x0000000605800000, 0x0000000605800000|100%| O|  |TAMS 0x0000000605400000| PB 0x0000000605400000| Untracked |  0
|  22|0x0000000605800000, 0x0000000605c00000, 0x0000000605c00000|100%| O|  |TAMS 0x0000000605800000| PB 0x0000000605800000| Untracked |  0
|  23|0x0000000605c00000, 0x0000000606000000, 0x0000000606000000|100%| O|  |TAMS 0x0000000605c00000| PB 0x0000000605c00000| Untracked |  0
|  24|0x0000000606000000, 0x0000000606400000, 0x0000000606400000|100%| O|  |TAMS 0x0000000606000000| PB 0x0000000606000000| Untracked |  0
|  25|0x0000000606400000, 0x0000000606400000, 0x0000000606800000|  0%| F|  |TAMS 0x0000000606400000| PB 0x0000000606400000| Untracked |  0
|  26|0x0000000606800000, 0x0000000606c00000, 0x0000000606c00000|100%| O|  |TAMS 0x0000000606800000| PB 0x0000000606800000| Untracked |  0
|  27|0x0000000606c00000, 0x0000000607000000, 0x0000000607000000|100%| O|  |TAMS 0x0000000606c00000| PB 0x0000000606c00000| Untracked |  0
|  28|0x0000000607000000, 0x0000000607400000, 0x0000000607400000|100%| O|  |TAMS 0x0000000607000000| PB 0x0000000607000000| Untracked |  0
|  29|0x0000000607400000, 0x0000000607800000, 0x0000000607800000|100%| O|  |TAMS 0x0000000607400000| PB 0x0000000607400000| Untracked |  0
|  30|0x0000000607800000, 0x0000000607c00000, 0x0000000607c00000|100%| O|  |TAMS 0x0000000607800000| PB 0x0000000607800000| Untracked |  0
|  31|0x0000000607c00000, 0x0000000608000000, 0x0000000608000000|100%| O|  |TAMS 0x0000000607c00000| PB 0x0000000607c00000| Untracked |  0
|  32|0x0000000608000000, 0x0000000608400000, 0x0000000608400000|100%| O|  |TAMS 0x0000000608000000| PB 0x0000000608000000| Untracked |  0
|  33|0x0000000608400000, 0x0000000608800000, 0x0000000608800000|100%| O|  |TAMS 0x0000000608400000| PB 0x0000000608400000| Untracked |  0
|  34|0x0000000608800000, 0x0000000608c00000, 0x0000000608c00000|100%| O|  |TAMS 0x0000000608800000| PB 0x0000000608800000| Untracked |  0
|  35|0x0000000608c00000, 0x0000000609000000, 0x0000000609000000|100%| O|  |TAMS 0x0000000608c00000| PB 0x0000000608c00000| Untracked |  0
|  36|0x0000000609000000, 0x00000006092ab1c0, 0x0000000609400000| 66%| O|  |TAMS 0x0000000609000000| PB 0x0000000609000000| Untracked |  0
|  37|0x0000000609400000, 0x0000000609800000, 0x0000000609800000|100%| O|  |TAMS 0x0000000609400000| PB 0x0000000609400000| Untracked |  0
|  38|0x0000000609800000, 0x0000000609c00000, 0x0000000609c00000|100%| O|  |TAMS 0x0000000609800000| PB 0x0000000609800000| Untracked |  0
|  39|0x0000000609c00000, 0x000000060a000000, 0x000000060a000000|100%| O|  |TAMS 0x0000000609c00000| PB 0x0000000609c00000| Untracked |  0
|  40|0x000000060a000000, 0x000000060a400000, 0x000000060a400000|100%| O|  |TAMS 0x000000060a000000| PB 0x000000060a000000| Untracked |  0
|  41|0x000000060a400000, 0x000000060a800000, 0x000000060a800000|100%| O|  |TAMS 0x000000060a400000| PB 0x000000060a400000| Untracked |  0
|  42|0x000000060a800000, 0x000000060ac00000, 0x000000060ac00000|100%| O|  |TAMS 0x000000060a800000| PB 0x000000060a800000| Untracked |  0
|  43|0x000000060ac00000, 0x000000060b000000, 0x000000060b000000|100%| O|  |TAMS 0x000000060ac00000| PB 0x000000060ac00000| Untracked |  0
|  44|0x000000060b000000, 0x000000060b400000, 0x000000060b400000|100%| O|  |TAMS 0x000000060b000000| PB 0x000000060b000000| Untracked |  0
|  45|0x000000060b400000, 0x000000060b800000, 0x000000060b800000|100%| O|  |TAMS 0x000000060b400000| PB 0x000000060b400000| Untracked |  0
|  46|0x000000060b800000, 0x000000060bc00000, 0x000000060bc00000|100%| O|  |TAMS 0x000000060b800000| PB 0x000000060b800000| Untracked |  0
|  47|0x000000060bc00000, 0x000000060bc00000, 0x000000060c000000|  0%| F|  |TAMS 0x000000060bc00000| PB 0x000000060bc00000| Untracked |  0
|  48|0x000000060c000000, 0x000000060c400000, 0x000000060c400000|100%| O|  |TAMS 0x000000060c000000| PB 0x000000060c000000| Untracked |  0
|  49|0x000000060c400000, 0x000000060c400000, 0x000000060c800000|  0%| F|  |TAMS 0x000000060c400000| PB 0x000000060c400000| Untracked |  0
|  50|0x000000060c800000, 0x000000060c800000, 0x000000060cc00000|  0%| F|  |TAMS 0x000000060c800000| PB 0x000000060c800000| Untracked |  0
|  51|0x000000060cc00000, 0x000000060cc00000, 0x000000060d000000|  0%| F|  |TAMS 0x000000060cc00000| PB 0x000000060cc00000| Untracked |  0
|  52|0x000000060d000000, 0x000000060d000000, 0x000000060d400000|  0%| F|  |TAMS 0x000000060d000000| PB 0x000000060d000000| Untracked |  0
|  53|0x000000060d400000, 0x000000060d400000, 0x000000060d800000|  0%| F|  |TAMS 0x000000060d400000| PB 0x000000060d400000| Untracked |  0
|  54|0x000000060d800000, 0x000000060d800000, 0x000000060dc00000|  0%| F|  |TAMS 0x000000060d800000| PB 0x000000060d800000| Untracked |  0
|  55|0x000000060dc00000, 0x000000060dfe0490, 0x000000060e000000| 96%| S|CS|TAMS 0x000000060dc00000| PB 0x000000060dc00000| Complete |  0
|  56|0x000000060e000000, 0x000000060e000000, 0x000000060e400000|  0%| F|  |TAMS 0x000000060e000000| PB 0x000000060e000000| Untracked |  0
|  57|0x000000060e400000, 0x000000060e400000, 0x000000060e800000|  0%| F|  |TAMS 0x000000060e400000| PB 0x000000060e400000| Untracked |  0
|  58|0x000000060e800000, 0x000000060ec00000, 0x000000060ec00000|100%| S|CS|TAMS 0x000000060e800000| PB 0x000000060e800000| Complete |  0
|  59|0x000000060ec00000, 0x000000060f000000, 0x000000060f000000|100%| S|CS|TAMS 0x000000060ec00000| PB 0x000000060ec00000| Complete |  0
|  60|0x000000060f000000, 0x000000060f000000, 0x000000060f400000|  0%| F|  |TAMS 0x000000060f000000| PB 0x000000060f000000| Untracked |  0
|  61|0x000000060f400000, 0x000000060f400000, 0x000000060f800000|  0%| F|  |TAMS 0x000000060f400000| PB 0x000000060f400000| Untracked |  0
|  62|0x000000060f800000, 0x000000060fc00000, 0x000000060fc00000|100%| S|CS|TAMS 0x000000060f800000| PB 0x000000060f800000| Complete |  0
|  63|0x000000060fc00000, 0x0000000610000000, 0x0000000610000000|100%| S|CS|TAMS 0x000000060fc00000| PB 0x000000060fc00000| Complete |  0
|  64|0x0000000610000000, 0x0000000610000000, 0x0000000610400000|  0%| F|  |TAMS 0x0000000610000000| PB 0x0000000610000000| Untracked |  0
|  65|0x0000000610400000, 0x0000000610400000, 0x0000000610800000|  0%| F|  |TAMS 0x0000000610400000| PB 0x0000000610400000| Untracked |  0
|  66|0x0000000610800000, 0x0000000610800000, 0x0000000610c00000|  0%| F|  |TAMS 0x0000000610800000| PB 0x0000000610800000| Untracked |  0
|  67|0x0000000610c00000, 0x0000000610c00000, 0x0000000611000000|  0%| F|  |TAMS 0x0000000610c00000| PB 0x0000000610c00000| Untracked |  0
|  68|0x0000000611000000, 0x0000000611000000, 0x0000000611400000|  0%| F|  |TAMS 0x0000000611000000| PB 0x0000000611000000| Untracked |  0
|  69|0x0000000611400000, 0x0000000611400000, 0x0000000611800000|  0%| F|  |TAMS 0x0000000611400000| PB 0x0000000611400000| Untracked |  0
|  70|0x0000000611800000, 0x0000000611800000, 0x0000000611c00000|  0%| F|  |TAMS 0x0000000611800000| PB 0x0000000611800000| Untracked |  0
|  71|0x0000000611c00000, 0x0000000611c00000, 0x0000000612000000|  0%| F|  |TAMS 0x0000000611c00000| PB 0x0000000611c00000| Untracked |  0
|  72|0x0000000612000000, 0x0000000612000000, 0x0000000612400000|  0%| F|  |TAMS 0x0000000612000000| PB 0x0000000612000000| Untracked |  0
|  73|0x0000000612400000, 0x0000000612400000, 0x0000000612800000|  0%| F|  |TAMS 0x0000000612400000| PB 0x0000000612400000| Untracked |  0
|  74|0x0000000612800000, 0x0000000612800000, 0x0000000612c00000|  0%| F|  |TAMS 0x0000000612800000| PB 0x0000000612800000| Untracked |  0
|  75|0x0000000612c00000, 0x0000000612c00000, 0x0000000613000000|  0%| F|  |TAMS 0x0000000612c00000| PB 0x0000000612c00000| Untracked |  0
|  76|0x0000000613000000, 0x0000000613000000, 0x0000000613400000|  0%| F|  |TAMS 0x0000000613000000| PB 0x0000000613000000| Untracked |  0
|  77|0x0000000613400000, 0x0000000613400000, 0x0000000613800000|  0%| F|  |TAMS 0x0000000613400000| PB 0x0000000613400000| Untracked |  0
|  78|0x0000000613800000, 0x0000000613800000, 0x0000000613c00000|  0%| F|  |TAMS 0x0000000613800000| PB 0x0000000613800000| Untracked |  0
|  79|0x0000000613c00000, 0x0000000613c00000, 0x0000000614000000|  0%| F|  |TAMS 0x0000000613c00000| PB 0x0000000613c00000| Untracked |  0
|  80|0x0000000614000000, 0x0000000614000000, 0x0000000614400000|  0%| F|  |TAMS 0x0000000614000000| PB 0x0000000614000000| Untracked |  0
|  81|0x0000000614400000, 0x0000000614400000, 0x0000000614800000|  0%| F|  |TAMS 0x0000000614400000| PB 0x0000000614400000| Untracked |  0
|  82|0x0000000614800000, 0x0000000614800000, 0x0000000614c00000|  0%| F|  |TAMS 0x0000000614800000| PB 0x0000000614800000| Untracked |  0
|  83|0x0000000614c00000, 0x0000000614c00000, 0x0000000615000000|  0%| F|  |TAMS 0x0000000614c00000| PB 0x0000000614c00000| Untracked |  0
|  84|0x0000000615000000, 0x0000000615000000, 0x0000000615400000|  0%| F|  |TAMS 0x0000000615000000| PB 0x0000000615000000| Untracked |  0
|  85|0x0000000615400000, 0x0000000615400000, 0x0000000615800000|  0%| F|  |TAMS 0x0000000615400000| PB 0x0000000615400000| Untracked |  0
|  86|0x0000000615800000, 0x0000000615800000, 0x0000000615c00000|  0%| F|  |TAMS 0x0000000615800000| PB 0x0000000615800000| Untracked |  0
|  87|0x0000000615c00000, 0x0000000615c00000, 0x0000000616000000|  0%| F|  |TAMS 0x0000000615c00000| PB 0x0000000615c00000| Untracked |  0
|  88|0x0000000616000000, 0x0000000616000000, 0x0000000616400000|  0%| F|  |TAMS 0x0000000616000000| PB 0x0000000616000000| Untracked |  0
|  89|0x0000000616400000, 0x0000000616400000, 0x0000000616800000|  0%| F|  |TAMS 0x0000000616400000| PB 0x0000000616400000| Untracked |  0
|  90|0x0000000616800000, 0x0000000616800000, 0x0000000616c00000|  0%| F|  |TAMS 0x0000000616800000| PB 0x0000000616800000| Untracked |  0
|  91|0x0000000616c00000, 0x0000000616c00000, 0x0000000617000000|  0%| F|  |TAMS 0x0000000616c00000| PB 0x0000000616c00000| Untracked |  0
|  92|0x0000000617000000, 0x0000000617000000, 0x0000000617400000|  0%| F|  |TAMS 0x0000000617000000| PB 0x0000000617000000| Untracked |  0
|  93|0x0000000617400000, 0x0000000617400000, 0x0000000617800000|  0%| F|  |TAMS 0x0000000617400000| PB 0x0000000617400000| Untracked |  0
|  94|0x0000000617800000, 0x0000000617800000, 0x0000000617c00000|  0%| F|  |TAMS 0x0000000617800000| PB 0x0000000617800000| Untracked |  0
|  95|0x0000000617c00000, 0x0000000617c00000, 0x0000000618000000|  0%| F|  |TAMS 0x0000000617c00000| PB 0x0000000617c00000| Untracked |  0
|  96|0x0000000618000000, 0x0000000618000000, 0x0000000618400000|  0%| F|  |TAMS 0x0000000618000000| PB 0x0000000618000000| Untracked |  0
|  97|0x0000000618400000, 0x0000000618400000, 0x0000000618800000|  0%| F|  |TAMS 0x0000000618400000| PB 0x0000000618400000| Untracked |  0
|  98|0x0000000618800000, 0x0000000618800000, 0x0000000618c00000|  0%| F|  |TAMS 0x0000000618800000| PB 0x0000000618800000| Untracked |  0
|  99|0x0000000618c00000, 0x0000000618c00000, 0x0000000619000000|  0%| F|  |TAMS 0x0000000618c00000| PB 0x0000000618c00000| Untracked |  0
| 100|0x0000000619000000, 0x0000000619000000, 0x0000000619400000|  0%| F|  |TAMS 0x0000000619000000| PB 0x0000000619000000| Untracked |  0
| 101|0x0000000619400000, 0x0000000619400000, 0x0000000619800000|  0%| F|  |TAMS 0x0000000619400000| PB 0x0000000619400000| Untracked |  0
| 102|0x0000000619800000, 0x0000000619800000, 0x0000000619c00000|  0%| F|  |TAMS 0x0000000619800000| PB 0x0000000619800000| Untracked |  0
| 103|0x0000000619c00000, 0x0000000619c00000, 0x000000061a000000|  0%| F|  |TAMS 0x0000000619c00000| PB 0x0000000619c00000| Untracked |  0
| 104|0x000000061a000000, 0x000000061a000000, 0x000000061a400000|  0%| F|  |TAMS 0x000000061a000000| PB 0x000000061a000000| Untracked |  0
| 105|0x000000061a400000, 0x000000061a400000, 0x000000061a800000|  0%| F|  |TAMS 0x000000061a400000| PB 0x000000061a400000| Untracked |  0
| 106|0x000000061a800000, 0x000000061a800000, 0x000000061ac00000|  0%| F|  |TAMS 0x000000061a800000| PB 0x000000061a800000| Untracked |  0
| 107|0x000000061ac00000, 0x000000061ac00000, 0x000000061b000000|  0%| F|  |TAMS 0x000000061ac00000| PB 0x000000061ac00000| Untracked |  0
| 108|0x000000061b000000, 0x000000061b000000, 0x000000061b400000|  0%| F|  |TAMS 0x000000061b000000| PB 0x000000061b000000| Untracked |  0
| 109|0x000000061b400000, 0x000000061b400000, 0x000000061b800000|  0%| F|  |TAMS 0x000000061b400000| PB 0x000000061b400000| Untracked |  0
| 110|0x000000061b800000, 0x000000061b800000, 0x000000061bc00000|  0%| F|  |TAMS 0x000000061b800000| PB 0x000000061b800000| Untracked |  0
| 111|0x000000061bc00000, 0x000000061bc00000, 0x000000061c000000|  0%| F|  |TAMS 0x000000061bc00000| PB 0x000000061bc00000| Untracked |  0
| 112|0x000000061c000000, 0x000000061c000000, 0x000000061c400000|  0%| F|  |TAMS 0x000000061c000000| PB 0x000000061c000000| Untracked |  0
| 113|0x000000061c400000, 0x000000061c400000, 0x000000061c800000|  0%| F|  |TAMS 0x000000061c400000| PB 0x000000061c400000| Untracked |  0
| 114|0x000000061c800000, 0x000000061c800000, 0x000000061cc00000|  0%| F|  |TAMS 0x000000061c800000| PB 0x000000061c800000| Untracked |  0
| 115|0x000000061cc00000, 0x000000061cc00000, 0x000000061d000000|  0%| F|  |TAMS 0x000000061cc00000| PB 0x000000061cc00000| Untracked |  0
| 116|0x000000061d000000, 0x000000061d000000, 0x000000061d400000|  0%| F|  |TAMS 0x000000061d000000| PB 0x000000061d000000| Untracked |  0
| 117|0x000000061d400000, 0x000000061d400000, 0x000000061d800000|  0%| F|  |TAMS 0x000000061d400000| PB 0x000000061d400000| Untracked |  0
| 118|0x000000061d800000, 0x000000061d800000, 0x000000061dc00000|  0%| F|  |TAMS 0x000000061d800000| PB 0x000000061d800000| Untracked |  0
| 119|0x000000061dc00000, 0x000000061dc00000, 0x000000061e000000|  0%| F|  |TAMS 0x000000061dc00000| PB 0x000000061dc00000| Untracked |  0
| 120|0x000000061e000000, 0x000000061e000000, 0x000000061e400000|  0%| F|  |TAMS 0x000000061e000000| PB 0x000000061e000000| Untracked |  0
| 121|0x000000061e400000, 0x000000061e400000, 0x000000061e800000|  0%| F|  |TAMS 0x000000061e400000| PB 0x000000061e400000| Untracked |  0
| 122|0x000000061e800000, 0x000000061e800000, 0x000000061ec00000|  0%| F|  |TAMS 0x000000061e800000| PB 0x000000061e800000| Untracked |  0
| 123|0x000000061ec00000, 0x000000061ec00000, 0x000000061f000000|  0%| F|  |TAMS 0x000000061ec00000| PB 0x000000061ec00000| Untracked |  0
| 124|0x000000061f000000, 0x000000061f000000, 0x000000061f400000|  0%| F|  |TAMS 0x000000061f000000| PB 0x000000061f000000| Untracked |  0
| 125|0x000000061f400000, 0x000000061f400000, 0x000000061f800000|  0%| F|  |TAMS 0x000000061f400000| PB 0x000000061f400000| Untracked |  0
| 126|0x000000061f800000, 0x000000061f800000, 0x000000061fc00000|  0%| F|  |TAMS 0x000000061f800000| PB 0x000000061f800000| Untracked |  0
| 127|0x000000061fc00000, 0x000000061fc00000, 0x0000000620000000|  0%| F|  |TAMS 0x000000061fc00000| PB 0x000000061fc00000| Untracked |  0
| 128|0x0000000620000000, 0x0000000620000000, 0x0000000620400000|  0%| F|  |TAMS 0x0000000620000000| PB 0x0000000620000000| Untracked |  0
| 129|0x0000000620400000, 0x0000000620400000, 0x0000000620800000|  0%| F|  |TAMS 0x0000000620400000| PB 0x0000000620400000| Untracked |  0
| 130|0x0000000620800000, 0x0000000620800000, 0x0000000620c00000|  0%| F|  |TAMS 0x0000000620800000| PB 0x0000000620800000| Untracked |  0
| 131|0x0000000620c00000, 0x0000000620c00000, 0x0000000621000000|  0%| F|  |TAMS 0x0000000620c00000| PB 0x0000000620c00000| Untracked |  0
| 132|0x0000000621000000, 0x0000000621000000, 0x0000000621400000|  0%| F|  |TAMS 0x0000000621000000| PB 0x0000000621000000| Untracked |  0
| 133|0x0000000621400000, 0x0000000621400000, 0x0000000621800000|  0%| F|  |TAMS 0x0000000621400000| PB 0x0000000621400000| Untracked |  0
| 134|0x0000000621800000, 0x0000000621800000, 0x0000000621c00000|  0%| F|  |TAMS 0x0000000621800000| PB 0x0000000621800000| Untracked |  0
| 135|0x0000000621c00000, 0x0000000621c00000, 0x0000000622000000|  0%| F|  |TAMS 0x0000000621c00000| PB 0x0000000621c00000| Untracked |  0
| 136|0x0000000622000000, 0x0000000622000000, 0x0000000622400000|  0%| F|  |TAMS 0x0000000622000000| PB 0x0000000622000000| Untracked |  0
| 137|0x0000000622400000, 0x0000000622400000, 0x0000000622800000|  0%| F|  |TAMS 0x0000000622400000| PB 0x0000000622400000| Untracked |  0
| 138|0x0000000622800000, 0x0000000622800000, 0x0000000622c00000|  0%| F|  |TAMS 0x0000000622800000| PB 0x0000000622800000| Untracked |  0
| 139|0x0000000622c00000, 0x0000000622c00000, 0x0000000623000000|  0%| F|  |TAMS 0x0000000622c00000| PB 0x0000000622c00000| Untracked |  0
| 140|0x0000000623000000, 0x0000000623000000, 0x0000000623400000|  0%| F|  |TAMS 0x0000000623000000| PB 0x0000000623000000| Untracked |  0
| 141|0x0000000623400000, 0x0000000623400000, 0x0000000623800000|  0%| F|  |TAMS 0x0000000623400000| PB 0x0000000623400000| Untracked |  0
| 142|0x0000000623800000, 0x0000000623800000, 0x0000000623c00000|  0%| F|  |TAMS 0x0000000623800000| PB 0x0000000623800000| Untracked |  0
| 143|0x0000000623c00000, 0x0000000623c00000, 0x0000000624000000|  0%| F|  |TAMS 0x0000000623c00000| PB 0x0000000623c00000| Untracked |  0
| 144|0x0000000624000000, 0x0000000624000000, 0x0000000624400000|  0%| F|  |TAMS 0x0000000624000000| PB 0x0000000624000000| Untracked |  0
|2046|0x00000007ff800000, 0x00000007ffc00000, 0x00000007ffc00000|100%| O|  |TAMS 0x00000007ff800000| PB 0x00000007ff800000| Untracked |  0
|2047|0x00000007ffc00000, 0x00000007ffc00000, 0x0000000800000000|  0%| F|  |TAMS 0x00000007ffc00000| PB 0x00000007ffc00000| Untracked |  0

Card table byte_map: [0x000001e4bf510000,0x000001e4c0510000] _byte_map_base: 0x000001e4bc510000

Marking Bits: (CMBitMap*) 0x000001e495b0a310
 Bits: [0x000001e4c0510000, 0x000001e4c8510000)

Polling page: 0x000001e493790000

Metaspace:

Usage:
  Non-class:    137.53 MB used.
      Class:     16.83 MB used.
       Both:    154.36 MB used.

Virtual space:
  Non-class space:      192.00 MB reserved,     138.94 MB ( 72%) committed,  3 nodes.
      Class space:        1.00 GB reserved,      18.06 MB (  2%) committed,  1 nodes.
             Both:        1.19 GB reserved,     157.00 MB ( 13%) committed. 

Chunk freelists:
   Non-Class:  4.83 MB
       Class:  13.97 MB
        Both:  18.79 MB

MaxMetaspaceSize: 4.00 GB
CompressedClassSpaceSize: 1.00 GB
Initial GC threshold: 21.00 MB
Current GC threshold: 260.94 MB
CDS: on
 - commit_granule_bytes: 65536.
 - commit_granule_words: 8192.
 - virtual_space_node_default_size: 8388608.
 - enlarge_chunks_in_place: 1.
UseCompressedClassPointers 1, UseCompactObjectHeaders 0
Narrow klass pointer bits 32, Max shift 3
Narrow klass base: 0x000001e4cb000000, Narrow klass shift: 0
Encoding Range: [0x000001e4cb000000 - 0x000001e5cb000000), (4294967296 bytes)
Klass Range:    [0x000001e4cb000000 - 0x000001e50c000000), (1090519040 bytes)
Klass ID Range:  [8 - 1090519033) (1090519025)


Internal statistics:

num_allocs_failed_limit: 3.
num_arena_births: 4836.
num_arena_deaths: 8.
num_vsnodes_births: 4.
num_vsnodes_deaths: 0.
num_space_committed: 2511.
num_space_uncommitted: 0.
num_chunks_returned_to_freelist: 19.
num_chunks_taken_from_freelist: 11127.
num_chunk_merges: 5.
num_chunk_splits: 7756.
num_chunks_enlarged: 5431.
num_inconsistent_stats: 0.

CodeHeap 'non-profiled nmethods': size=259328Kb used=12274Kb max_used=12274Kb free=247053Kb
 bounds [0x000001e4ae5b0000, 0x000001e4af1b0000, 0x000001e4be2f0000]
CodeHeap 'profiled nmethods': size=259264Kb used=35984Kb max_used=35984Kb free=223279Kb
 bounds [0x000001e49e2f0000, 0x000001e4a0730000, 0x000001e4ae020000]
CodeHeap 'non-nmethods': size=5696Kb used=2979Kb max_used=3197Kb free=2716Kb
 bounds [0x000001e4ae020000, 0x000001e4ae360000, 0x000001e4ae5b0000]
CodeCache: size=524288Kb, used=51237Kb, max_used=51455Kb, free=473048Kb
 total_blobs=20540, nmethods=19286, adapters=1155, full_count=0
Compilation: enabled, stopped_count=0, restarted_count=0

Compilation events (20 events):
Event: 347.079 Thread 0x000001e4c870d780 nmethod 24863 0x000001e49e64e788 code [0x000001e49e64e8e0, 0x000001e49e64edb8]
Event: 347.086 Thread 0x000001e4c869fc70 24869       4       org.gradle.internal.snapshot.AbstractFileSystemLocationSnapshot::relocate (72 bytes)
Event: 347.186 Thread 0x000001e4c869fc70 nmethod 24869 0x000001e4af197488 code [0x000001e4af197840, 0x000001e4af19a7e0]
Event: 347.257 Thread 0x000001e4c869fc70 24870       4       org.objectweb.asm.FieldWriter::putFieldInfo (269 bytes)
Event: 347.282 Thread 0x000001e4c869fc70 nmethod 24870 0x000001e4af19ac88 code [0x000001e4af19af40, 0x000001e4af19bc30]
Event: 347.289 Thread 0x000001e4c870d780 24871 %     3       org.objectweb.asm.ClassWriter::toByteArray @ 824 (1535 bytes)
Event: 347.299 Thread 0x000001e4c870d780 nmethod 24871% 0x000001e49e587e08 code [0x000001e49e5886a0, 0x000001e49e58dc40]
Event: 347.306 Thread 0x000001e4c870d780 24872       3       org.objectweb.asm.ClassWriter::toByteArray (1535 bytes)
Event: 347.316 Thread 0x000001e4c870d780 nmethod 24872 0x000001e49ed7d808 code [0x000001e49ed7e080, 0x000001e49ed83320]
Event: 347.411 Thread 0x000001e4c869fc70 24873       4       org.gradle.internal.classpath.transforms.AdhocInterceptors::visitINVOKESTATIC (780 bytes)
Event: 347.586 Thread 0x000001e4c869fc70 nmethod 24873 0x000001e4af19bd08 code [0x000001e4af19c420, 0x000001e4af1a11b0]
Event: 347.670 Thread 0x000001e4c869fc70 24874       4       org.objectweb.asm.Attribute::computeAttributesSize (62 bytes)
Event: 347.672 Thread 0x000001e4c869fc70 nmethod 24874 0x000001e4af1a1308 code [0x000001e4af1a1440, 0x000001e4af1a15d0]
Event: 347.879 Thread 0x000001e4c869fc70 24875       4       org.objectweb.asm.Attribute::putAttributes (78 bytes)
Event: 347.885 Thread 0x000001e4c869fc70 nmethod 24875 0x000001e4af1a1608 code [0x000001e4af1a17c0, 0x000001e4af1a1b40]
Event: 347.890 Thread 0x000001e4c869fc70 24876       4       org.objectweb.asm.ClassReader::readMethod (1070 bytes)
Event: 348.259 Thread 0x000001e4c869fc70 nmethod 24876 0x000001e4af1a1b88 code [0x000001e4af1a2140, 0x000001e4af1a7b10]
Event: 348.259 Thread 0x000001e4c869fc70 24879       4       org.objectweb.asm.ClassWriter::toByteArray (1535 bytes)
Event: 348.437 Thread 0x000001e4c869fc70 nmethod 24879 0x000001e4af1a7c08 code [0x000001e4af1a83c0, 0x000001e4af1aca28]
Event: 348.437 Thread 0x000001e4c869fc70 24877       4       org.objectweb.asm.MethodWriter::putMethodInfo (1274 bytes)

GC Heap History (20 events):
Event: 318.891 GC heap after
{Heap after GC invocations=107 (full 0):
 garbage-first heap   total reserved 8388608K, committed 499712K, used 212596K [0x0000000600000000, 0x0000000800000000)
  region size 4096K, 5 young (20480K), 5 survivors (20480K)
 Metaspace       used 157789K, committed 160448K, reserved 1245184K
  class space    used 17222K, committed 18496K, reserved 1048576K
}
Event: 320.030 GC heap before
{Heap before GC invocations=107 (full 0):
 garbage-first heap   total reserved 8388608K, committed 499712K, used 441972K [0x0000000600000000, 0x0000000800000000)
  region size 4096K, 62 young (253952K), 5 survivors (20480K)
 Metaspace       used 157792K, committed 160448K, reserved 1245184K
  class space    used 17222K, committed 18496K, reserved 1048576K
}
Event: 320.056 GC heap after
{Heap after GC invocations=108 (full 0):
 garbage-first heap   total reserved 8388608K, committed 499712K, used 214315K [0x0000000600000000, 0x0000000800000000)
  region size 4096K, 5 young (20480K), 5 survivors (20480K)
 Metaspace       used 157792K, committed 160448K, reserved 1245184K
  class space    used 17222K, committed 18496K, reserved 1048576K
}
Event: 321.608 GC heap before
{Heap before GC invocations=108 (full 0):
 garbage-first heap   total reserved 8388608K, committed 499712K, used 447787K [0x0000000600000000, 0x0000000800000000)
  region size 4096K, 62 young (253952K), 5 survivors (20480K)
 Metaspace       used 157794K, committed 160448K, reserved 1245184K
  class space    used 17222K, committed 18496K, reserved 1048576K
}
Event: 321.635 GC heap after
{Heap after GC invocations=109 (full 0):
 garbage-first heap   total reserved 8388608K, committed 499712K, used 221276K [0x0000000600000000, 0x0000000800000000)
  region size 4096K, 6 young (24576K), 6 survivors (24576K)
 Metaspace       used 157794K, committed 160448K, reserved 1245184K
  class space    used 17222K, committed 18496K, reserved 1048576K
}
Event: 323.750 GC heap before
{Heap before GC invocations=109 (full 0):
 garbage-first heap   total reserved 8388608K, committed 499712K, used 442460K [0x0000000600000000, 0x0000000800000000)
  region size 4096K, 60 young (245760K), 6 survivors (24576K)
 Metaspace       used 157794K, committed 160448K, reserved 1245184K
  class space    used 17222K, committed 18496K, reserved 1048576K
}
Event: 323.793 GC heap after
{Heap after GC invocations=110 (full 0):
 garbage-first heap   total reserved 8388608K, committed 602112K, used 218484K [0x0000000600000000, 0x0000000800000000)
  region size 4096K, 5 young (20480K), 5 survivors (20480K)
 Metaspace       used 157794K, committed 160448K, reserved 1245184K
  class space    used 17222K, committed 18496K, reserved 1048576K
}
Event: 329.821 GC heap before
{Heap before GC invocations=111 (full 0):
 garbage-first heap   total reserved 8388608K, committed 602112K, used 529780K [0x0000000600000000, 0x0000000800000000)
  region size 4096K, 81 young (331776K), 5 survivors (20480K)
 Metaspace       used 157810K, committed 160512K, reserved 1245184K
  class space    used 17224K, committed 18496K, reserved 1048576K
}
Event: 329.840 GC heap after
{Heap after GC invocations=112 (full 0):
 garbage-first heap   total reserved 8388608K, committed 602112K, used 207711K [0x0000000600000000, 0x0000000800000000)
  region size 4096K, 3 young (12288K), 3 survivors (12288K)
 Metaspace       used 157810K, committed 160512K, reserved 1245184K
  class space    used 17224K, committed 18496K, reserved 1048576K
}
Event: 334.427 GC heap before
{Heap before GC invocations=112 (full 0):
 garbage-first heap   total reserved 8388608K, committed 602112K, used 502623K [0x0000000600000000, 0x0000000800000000)
  region size 4096K, 75 young (307200K), 3 survivors (12288K)
 Metaspace       used 157871K, committed 160640K, reserved 1245184K
  class space    used 17226K, committed 18496K, reserved 1048576K
}
Event: 334.470 GC heap after
{Heap after GC invocations=113 (full 0):
 garbage-first heap   total reserved 8388608K, committed 602112K, used 209049K [0x0000000600000000, 0x0000000800000000)
  region size 4096K, 4 young (16384K), 4 survivors (16384K)
 Metaspace       used 157871K, committed 160640K, reserved 1245184K
  class space    used 17226K, committed 18496K, reserved 1048576K
}
Event: 335.396 GC heap before
{Heap before GC invocations=113 (full 0):
 garbage-first heap   total reserved 8388608K, committed 602112K, used 516249K [0x0000000600000000, 0x0000000800000000)
  region size 4096K, 80 young (327680K), 4 survivors (16384K)
 Metaspace       used 157873K, committed 160640K, reserved 1245184K
  class space    used 17227K, committed 18496K, reserved 1048576K
}
Event: 335.425 GC heap after
{Heap after GC invocations=114 (full 0):
 garbage-first heap   total reserved 8388608K, committed 602112K, used 210894K [0x0000000600000000, 0x0000000800000000)
  region size 4096K, 4 young (16384K), 4 survivors (16384K)
 Metaspace       used 157873K, committed 160640K, reserved 1245184K
  class space    used 17227K, committed 18496K, reserved 1048576K
}
Event: 337.468 GC heap before
{Heap before GC invocations=114 (full 0):
 garbage-first heap   total reserved 8388608K, committed 602112K, used 530382K [0x0000000600000000, 0x0000000800000000)
  region size 4096K, 82 young (335872K), 4 survivors (16384K)
 Metaspace       used 157921K, committed 160640K, reserved 1245184K
  class space    used 17227K, committed 18496K, reserved 1048576K
}
Event: 337.494 GC heap after
{Heap after GC invocations=115 (full 0):
 garbage-first heap   total reserved 8388608K, committed 602112K, used 209472K [0x0000000600000000, 0x0000000800000000)
  region size 4096K, 4 young (16384K), 4 survivors (16384K)
 Metaspace       used 157921K, committed 160640K, reserved 1245184K
  class space    used 17227K, committed 18496K, reserved 1048576K
}
Event: 340.250 GC heap before
{Heap before GC invocations=115 (full 0):
 garbage-first heap   total reserved 8388608K, committed 602112K, used 533056K [0x0000000600000000, 0x0000000800000000)
  region size 4096K, 83 young (339968K), 4 survivors (16384K)
 Metaspace       used 157931K, committed 160640K, reserved 1245184K
  class space    used 17227K, committed 18496K, reserved 1048576K
}
Event: 340.282 GC heap after
{Heap after GC invocations=116 (full 0):
 garbage-first heap   total reserved 8388608K, committed 602112K, used 217011K [0x0000000600000000, 0x0000000800000000)
  region size 4096K, 5 young (20480K), 5 survivors (20480K)
 Metaspace       used 157931K, committed 160640K, reserved 1245184K
  class space    used 17227K, committed 18496K, reserved 1048576K
}
Event: 342.489 GC heap before
{Heap before GC invocations=116 (full 0):
 garbage-first heap   total reserved 8388608K, committed 602112K, used 540595K [0x0000000600000000, 0x0000000800000000)
  region size 4096K, 84 young (344064K), 5 survivors (20480K)
 Metaspace       used 158047K, committed 160768K, reserved 1245184K
  class space    used 17237K, committed 18496K, reserved 1048576K
}
Event: 342.517 GC heap after
{Heap after GC invocations=117 (full 0):
 garbage-first heap   total reserved 8388608K, committed 602112K, used 212372K [0x0000000600000000, 0x0000000800000000)
  region size 4096K, 5 young (20480K), 5 survivors (20480K)
 Metaspace       used 158047K, committed 160768K, reserved 1245184K
  class space    used 17237K, committed 18496K, reserved 1048576K
}
Event: 348.496 GC heap before
{Heap before GC invocations=117 (full 0):
 garbage-first heap   total reserved 8388608K, committed 602112K, used 540052K [0x0000000600000000, 0x0000000800000000)
  region size 4096K, 86 young (352256K), 5 survivors (20480K)
 Metaspace       used 158066K, committed 160768K, reserved 1245184K
  class space    used 17237K, committed 18496K, reserved 1048576K
}

Dll operation events (16 events):
Event: 0.035 Loaded shared library C:\Program Files\Java\jdk-24\bin\java.dll
Event: 0.123 Loaded shared library C:\Program Files\Java\jdk-24\bin\jsvml.dll
Event: 0.233 Loaded shared library C:\Program Files\Java\jdk-24\bin\zip.dll
Event: 0.239 Loaded shared library C:\Program Files\Java\jdk-24\bin\instrument.dll
Event: 0.253 Loaded shared library C:\Program Files\Java\jdk-24\bin\net.dll
Event: 0.265 Loaded shared library C:\Program Files\Java\jdk-24\bin\nio.dll
Event: 0.271 Loaded shared library C:\Program Files\Java\jdk-24\bin\zip.dll
Event: 1.024 Loaded shared library C:\Program Files\Java\jdk-24\bin\jimage.dll
Event: 1.434 Loaded shared library C:\Program Files\Java\jdk-24\bin\verify.dll
Event: 1.683 Loaded shared library C:\Users\HAPPY COMPUTER\.gradle\native\1def1411415f61bf3af743bc5b6707747c0891f09f0c88961ee8f79bc544acac\windows-amd64\native-platform.dll
Event: 1.716 Loaded shared library C:\Users\HAPPY COMPUTER\.gradle\native\0.2.7\x86_64-windows-gnu\gradle-fileevents.dll
Event: 5.836 Loaded shared library C:\Program Files\Java\jdk-24\bin\management.dll
Event: 5.847 Loaded shared library C:\Program Files\Java\jdk-24\bin\management_ext.dll
Event: 6.655 Loaded shared library C:\Program Files\Java\jdk-24\bin\extnet.dll
Event: 7.684 Loaded shared library C:\Program Files\Java\jdk-24\bin\sunmscapi.dll
Event: 101.119 Loaded shared library C:\Program Files\Java\jdk-24\bin\rmi.dll

Deoptimization events (20 events):
Event: 347.040 Thread 0x000001e515422140 Uncommon trap: trap_request=0xffffff4d fr.pc=0x000001e4af0a4800 relative=0x0000000000000080
Event: 347.040 Thread 0x000001e515422140 Uncommon trap: reason=unstable_if action=reinterpret pc=0x000001e4af0a4800 method=org.objectweb.asm.Attribute.computeAttributesSize(Lorg/objectweb/asm/SymbolTable;II)I @ 16 c2
Event: 347.040 Thread 0x000001e515422140 DEOPT PACKING pc=0x000001e4af0a4800 sp=0x000000ab264fb3b0
Event: 347.040 Thread 0x000001e515422140 DEOPT UNPACKING pc=0x000001e4ae09e702 sp=0x000000ab264fb2d0 mode 2
Event: 347.040 Thread 0x000001e515422140 Uncommon trap: trap_request=0xffffff4d fr.pc=0x000001e4af0d6c34 relative=0x0000000000000274
Event: 347.040 Thread 0x000001e515422140 Uncommon trap: reason=unstable_if action=reinterpret pc=0x000001e4af0d6c34 method=org.objectweb.asm.Attribute.computeAttributesSize(Lorg/objectweb/asm/SymbolTable;II)I @ 16 c2
Event: 347.040 Thread 0x000001e515422140 DEOPT PACKING pc=0x000001e4af0d6c34 sp=0x000000ab264fb3b0
Event: 347.040 Thread 0x000001e515422140 DEOPT UNPACKING pc=0x000001e4ae09e702 sp=0x000000ab264fb2c8 mode 2
Event: 347.041 Thread 0x000001e515422140 Uncommon trap: trap_request=0xffffff4d fr.pc=0x000001e4ae988f64 relative=0x0000000000000044
Event: 347.041 Thread 0x000001e515422140 Uncommon trap: reason=unstable_if action=reinterpret pc=0x000001e4ae988f64 method=org.objectweb.asm.Attribute.computeAttributesSize(Lorg/objectweb/asm/SymbolTable;II)I @ 16 c2
Event: 347.041 Thread 0x000001e515422140 DEOPT PACKING pc=0x000001e4ae988f64 sp=0x000000ab264fb330
Event: 347.041 Thread 0x000001e515422140 DEOPT UNPACKING pc=0x000001e4ae09e702 sp=0x000000ab264fb2c0 mode 2
Event: 347.041 Thread 0x000001e515422140 Uncommon trap: trap_request=0xffffff4d fr.pc=0x000001e4ae9898cc relative=0x000000000000004c
Event: 347.041 Thread 0x000001e515422140 Uncommon trap: reason=unstable_if action=reinterpret pc=0x000001e4ae9898cc method=org.objectweb.asm.Attribute.putAttributes(Lorg/objectweb/asm/SymbolTable;IILorg/objectweb/asm/ByteVector;)V @ 14 c2
Event: 347.041 Thread 0x000001e515422140 DEOPT PACKING pc=0x000001e4ae9898cc sp=0x000000ab264fb320
Event: 347.041 Thread 0x000001e515422140 DEOPT UNPACKING pc=0x000001e4ae09e702 sp=0x000000ab264fb2b8 mode 2
Event: 347.041 Thread 0x000001e515422140 Uncommon trap: trap_request=0xffffff4d fr.pc=0x000001e4af13d3b4 relative=0x0000000000000214
Event: 347.041 Thread 0x000001e515422140 Uncommon trap: reason=unstable_if action=reinterpret pc=0x000001e4af13d3b4 method=org.objectweb.asm.MethodWriter.putMethodInfo(Lorg/objectweb/asm/ByteVector;)V @ 126 c2
Event: 347.041 Thread 0x000001e515422140 DEOPT PACKING pc=0x000001e4af13d3b4 sp=0x000000ab264fb360
Event: 347.041 Thread 0x000001e515422140 DEOPT UNPACKING pc=0x000001e4ae09e702 sp=0x000000ab264fb328 mode 2

Classes loaded (20 events):
Event: 204.731 Loading class sun/security/ssl/SSLEngineOutputRecord
Event: 204.732 Loading class sun/security/ssl/SSLEngineOutputRecord done
Event: 204.732 Loading class sun/security/ssl/SSLEngineOutputRecord$HandshakeFragment
Event: 204.733 Loading class sun/security/ssl/SSLEngineOutputRecord$HandshakeFragment done
Event: 204.733 Loading class sun/security/ssl/SSLEngineOutputRecord$HandshakeMemo
Event: 204.733 Loading class sun/security/ssl/SSLEngineOutputRecord$RecordMemo
Event: 204.733 Loading class sun/security/ssl/SSLEngineOutputRecord$RecordMemo done
Event: 204.733 Loading class sun/security/ssl/SSLEngineOutputRecord$HandshakeMemo done
Event: 204.772 Loading class sun/security/ssl/PreSharedKeyExtension$SHPreSharedKeySpec
Event: 204.772 Loading class sun/security/ssl/PreSharedKeyExtension$SHPreSharedKeySpec done
Event: 218.525 Loading class java/util/concurrent/locks/ReentrantReadWriteLock$Sync$HoldCounter
Event: 218.527 Loading class java/util/concurrent/locks/ReentrantReadWriteLock$Sync$HoldCounter done
Event: 218.830 Loading class com/sun/org/apache/xerces/internal/util/EncodingMap
Event: 218.834 Loading class com/sun/org/apache/xerces/internal/util/EncodingMap done
Event: 218.837 Loading class sun/nio/cs/ISO_8859_1$Decoder
Event: 218.839 Loading class sun/nio/cs/ISO_8859_1$Decoder done
Event: 229.732 Loading class java/util/Collections$ReverseComparator
Event: 229.734 Loading class java/util/Collections$ReverseComparator done
Event: 229.734 Loading class java/util/Collections$ReverseComparator2
Event: 229.739 Loading class java/util/Collections$ReverseComparator2 done

Classes unloaded (15 events):
Event: 28.798 Thread 0x000001e4c868b260 Unloading class 0x000001e4cc4dc400 '_BuildScript_$_run_closure1$_closure2'
Event: 28.798 Thread 0x000001e4c868b260 Unloading class 0x000001e4cc4dc000 '_BuildScript_$_run_closure1'
Event: 28.798 Thread 0x000001e4c868b260 Unloading class 0x000001e4cc4d4000 '_BuildScript_'
Event: 37.203 Thread 0x000001e4c868b260 Unloading class 0x000001e4cc550000 '_BuildScript_'
Event: 37.203 Thread 0x000001e4c868b260 Unloading class 0x000001e4cc548948 '_BuildScript_$_run_closure1$_closure2'
Event: 37.203 Thread 0x000001e4c868b260 Unloading class 0x000001e4cc548548 '_BuildScript_$_run_closure1'
Event: 37.203 Thread 0x000001e4c868b260 Unloading class 0x000001e4cc548000 '_BuildScript_'
Event: 37.203 Thread 0x000001e4c868b260 Unloading class 0x000001e4cc546000 '_BuildScript_$_run_closure1$_closure2'
Event: 37.203 Thread 0x000001e4c868b260 Unloading class 0x000001e4cc545948 '_BuildScript_$_run_closure1'
Event: 37.203 Thread 0x000001e4c868b260 Unloading class 0x000001e4cc545400 '_BuildScript_'
Event: 37.203 Thread 0x000001e4c868b260 Unloading class 0x000001e4cc545000 'ProtobufPatchPlugin$_apply_closure1$_closure2$_closure3$_closure4'
Event: 37.203 Thread 0x000001e4c868b260 Unloading class 0x000001e4cc544ae0 'ProtobufPatchPlugin$_apply_closure1$_closure2$_closure3'
Event: 37.203 Thread 0x000001e4c868b260 Unloading class 0x000001e4cc5446e0 'ProtobufPatchPlugin$_apply_closure1$_closure2'
Event: 37.203 Thread 0x000001e4c868b260 Unloading class 0x000001e4cc5442e0 'ProtobufPatchPlugin$_apply_closure1'
Event: 37.203 Thread 0x000001e4c868b260 Unloading class 0x000001e4cc544000 'ProtobufPatchPlugin'

Classes redefined (0 events):
No events

Internal exceptions (20 events):
Event: 344.903 Thread 0x000001e515422140 Exception <a 'sun/nio/fs/WindowsException'{0x000000061d9c9dd8}> (0x000000061d9c9dd8) 
thrown [s\open\src\hotspot\share\prims\jni.cpp, line 518]
Event: 345.239 Thread 0x000001e5149bd6c0 Exception <a 'sun/nio/fs/WindowsException'{0x000000061d8a0bf0}> (0x000000061d8a0bf0) 
thrown [s\open\src\hotspot\share\prims\jni.cpp, line 518]
Event: 345.509 Thread 0x000001e515420400 Exception <a 'sun/nio/fs/WindowsException'{0x000000061d505d78}> (0x000000061d505d78) 
thrown [s\open\src\hotspot\share\prims\jni.cpp, line 518]
Event: 345.703 Thread 0x000001e5110786a0 Exception <a 'sun/nio/fs/WindowsException'{0x000000061c2f12e0}> (0x000000061c2f12e0) 
thrown [s\open\src\hotspot\share\prims\jni.cpp, line 518]
Event: 345.825 Thread 0x000001e515422140 Exception <a 'sun/nio/fs/WindowsException'{0x000000061bcd9758}> (0x000000061bcd9758) 
thrown [s\open\src\hotspot\share\prims\jni.cpp, line 518]
Event: 345.905 Thread 0x000001e5149bd6c0 Exception <a 'sun/nio/fs/WindowsException'{0x000000061be2e460}> (0x000000061be2e460) 
thrown [s\open\src\hotspot\share\prims\jni.cpp, line 518]
Event: 346.106 Thread 0x000001e515420400 Exception <a 'sun/nio/fs/WindowsException'{0x000000061abef700}> (0x000000061abef700) 
thrown [s\open\src\hotspot\share\prims\jni.cpp, line 518]
Event: 346.431 Thread 0x000001e5110786a0 Exception <a 'sun/nio/fs/WindowsException'{0x000000061aab1400}> (0x000000061aab1400) 
thrown [s\open\src\hotspot\share\prims\jni.cpp, line 518]
Event: 346.441 Thread 0x000001e515422140 Exception <a 'sun/nio/fs/WindowsException'{0x0000000618899b80}> (0x0000000618899b80) 
thrown [s\open\src\hotspot\share\prims\jni.cpp, line 518]
Event: 346.491 Thread 0x000001e5149bd6c0 Exception <a 'sun/nio/fs/WindowsException'{0x00000006189c0600}> (0x00000006189c0600) 
thrown [s\open\src\hotspot\share\prims\jni.cpp, line 518]
Event: 346.667 Thread 0x000001e515420400 Exception <a 'sun/nio/fs/WindowsException'{0x0000000617022178}> (0x0000000617022178) 
thrown [s\open\src\hotspot\share\prims\jni.cpp, line 518]
Event: 346.955 Thread 0x000001e5110786a0 Exception <a 'sun/nio/fs/WindowsException'{0x0000000617e6e568}> (0x0000000617e6e568) 
thrown [s\open\src\hotspot\share\prims\jni.cpp, line 518]
Event: 347.034 Thread 0x000001e515422140 Exception <a 'sun/nio/fs/WindowsException'{0x0000000616e4f960}> (0x0000000616e4f960) 
thrown [s\open\src\hotspot\share\prims\jni.cpp, line 518]
Event: 347.219 Thread 0x000001e515420400 Exception <a 'sun/nio/fs/WindowsException'{0x0000000614871808}> (0x0000000614871808) 
thrown [s\open\src\hotspot\share\prims\jni.cpp, line 518]
Event: 347.373 Thread 0x000001e5149bd6c0 Exception <a 'sun/nio/fs/WindowsException'{0x0000000614f90e30}> (0x0000000614f90e30) 
thrown [s\open\src\hotspot\share\prims\jni.cpp, line 518]
Event: 347.456 Thread 0x000001e5110786a0 Exception <a 'sun/nio/fs/WindowsException'{0x0000000614b49888}> (0x0000000614b49888) 
thrown [s\open\src\hotspot\share\prims\jni.cpp, line 518]
Event: 347.620 Thread 0x000001e515422140 Exception <a 'sun/nio/fs/WindowsException'{0x000000061438aed8}> (0x000000061438aed8) 
thrown [s\open\src\hotspot\share\prims\jni.cpp, line 518]
Event: 347.827 Thread 0x000001e515420400 Exception <a 'sun/nio/fs/WindowsException'{0x00000006130b4480}> (0x00000006130b4480) 
thrown [s\open\src\hotspot\share\prims\jni.cpp, line 518]
Event: 348.078 Thread 0x000001e5149bd6c0 Exception <a 'sun/nio/fs/WindowsException'{0x00000006124e3818}> (0x00000006124e3818) 
thrown [s\open\src\hotspot\share\prims\jni.cpp, line 518]
Event: 348.481 Thread 0x000001e5110786a0 Exception <a 'sun/nio/fs/WindowsException'{0x0000000612b45618}> (0x0000000612b45618) 
thrown [s\open\src\hotspot\share\prims\jni.cpp, line 518]

VM Operations (20 events):
Event: 323.793 Executing VM operation: G1CollectForAllocation (G1 Evacuation Pause) done
Event: 324.515 Executing VM operation: G1PauseRemark
Event: 324.593 Executing VM operation: G1PauseRemark done
Event: 324.823 Executing VM operation: G1PauseCleanup
Event: 324.834 Executing VM operation: G1PauseCleanup done
Event: 328.050 Executing VM operation: HandshakeAllThreads (Deoptimize)
Event: 328.050 Executing VM operation: HandshakeAllThreads (Deoptimize) done
Event: 329.821 Executing VM operation: G1CollectForAllocation (G1 Evacuation Pause)
Event: 329.840 Executing VM operation: G1CollectForAllocation (G1 Evacuation Pause) done
Event: 334.427 Executing VM operation: G1CollectForAllocation (G1 Evacuation Pause)
Event: 334.470 Executing VM operation: G1CollectForAllocation (G1 Evacuation Pause) done
Event: 335.396 Executing VM operation: G1CollectForAllocation (G1 Evacuation Pause)
Event: 335.425 Executing VM operation: G1CollectForAllocation (G1 Evacuation Pause) done
Event: 337.468 Executing VM operation: G1CollectForAllocation (G1 Evacuation Pause)
Event: 337.494 Executing VM operation: G1CollectForAllocation (G1 Evacuation Pause) done
Event: 340.250 Executing VM operation: G1CollectForAllocation (G1 Evacuation Pause)
Event: 340.282 Executing VM operation: G1CollectForAllocation (G1 Evacuation Pause) done
Event: 342.489 Executing VM operation: G1CollectForAllocation (G1 Evacuation Pause)
Event: 342.517 Executing VM operation: G1CollectForAllocation (G1 Evacuation Pause) done
Event: 348.496 Executing VM operation: G1CollectForAllocation (G1 Evacuation Pause)

Memory protections (0 events):
No events

Nmethod flushes (20 events):
Event: 324.587 Thread 0x000001e4c868b260 flushing  nmethod 0x000001e49ff6a088
Event: 324.588 Thread 0x000001e4c868b260 flushing  nmethod 0x000001e49ff6b308
Event: 324.588 Thread 0x000001e4c868b260 flushing  nmethod 0x000001e49ff6b708
Event: 324.588 Thread 0x000001e4c868b260 flushing  nmethod 0x000001e49ff6c108
Event: 324.588 Thread 0x000001e4c868b260 flushing  nmethod 0x000001e49ff6d008
Event: 324.588 Thread 0x000001e4c868b260 flushing  nmethod 0x000001e49ff6d908
Event: 324.588 Thread 0x000001e4c868b260 flushing  nmethod 0x000001e49ff6ff08
Event: 324.588 Thread 0x000001e4c868b260 flushing  nmethod 0x000001e49ff71588
Event: 324.588 Thread 0x000001e4c868b260 flushing  nmethod 0x000001e49ff72108
Event: 324.588 Thread 0x000001e4c868b260 flushing  nmethod 0x000001e49ff72b88
Event: 324.588 Thread 0x000001e4c868b260 flushing  nmethod 0x000001e4a009d188
Event: 324.588 Thread 0x000001e4c868b260 flushing  nmethod 0x000001e4a012da88
Event: 324.589 Thread 0x000001e4c868b260 flushing  nmethod 0x000001e4a016db08
Event: 324.589 Thread 0x000001e4c868b260 flushing  nmethod 0x000001e4a01e3188
Event: 324.589 Thread 0x000001e4c868b260 flushing  nmethod 0x000001e4a01e3808
Event: 324.589 Thread 0x000001e4c868b260 flushing  nmethod 0x000001e4a01fca88
Event: 324.589 Thread 0x000001e4c868b260 flushing  nmethod 0x000001e4a0208388
Event: 324.589 Thread 0x000001e4c868b260 flushing  nmethod 0x000001e4a022f708
Event: 324.589 Thread 0x000001e4c868b260 flushing  nmethod 0x000001e4a02c5808
Event: 324.589 Thread 0x000001e4c868b260 flushing  nmethod 0x000001e4a055f108

Events (20 events):
Event: 216.446 Thread 0x000001e5110786a0 Thread added: 0x000001e51420b580
Event: 216.447 Thread 0x000001e5110786a0 Thread added: 0x000001e514209840
Event: 218.089 Thread 0x000001e5110786a0 Thread added: 0x000001e514208250
Event: 218.089 Thread 0x000001e5110786a0 Thread added: 0x000001e51420cb70
Event: 218.463 Thread 0x000001e5110786a0 Thread added: 0x000001e51420e8b0
Event: 218.463 Thread 0x000001e5110786a0 Thread added: 0x000001e514209f90
Event: 218.463 Thread 0x000001e5110786a0 Thread added: 0x000001e51420a6e0
Event: 219.824 Thread 0x000001e5110786a0 Thread added: 0x000001e514207b00
Event: 219.825 Thread 0x000001e5110786a0 Thread added: 0x000001e51420f000
Event: 222.192 Thread 0x000001e5110786a0 Thread added: 0x000001e5142090f0
Event: 222.193 Thread 0x000001e5110786a0 Thread added: 0x000001e5149bc820
Event: 223.280 Thread 0x000001e5110786a0 Thread added: 0x000001e5149bd6c0
Event: 223.280 Thread 0x000001e5110786a0 Thread added: 0x000001e5149be560
Event: 223.783 Thread 0x000001e5110786a0 Thread added: 0x000001e515420400
Event: 223.783 Thread 0x000001e5110786a0 Thread added: 0x000001e515422140
Event: 225.005 Thread 0x000001e5110786a0 Thread added: 0x000001e5154212a0
Event: 255.543 Thread 0x000001e4cac7e230 Thread exited: 0x000001e4cac7e230
Event: 271.314 Thread 0x000001e5154770b0 Thread exited: 0x000001e5154770b0
Event: 301.546 Thread 0x000001e4c869fc70 Thread added: 0x000001e514cb7680
Event: 304.273 Thread 0x000001e514cb7680 Thread exited: 0x000001e514cb7680


Dynamic libraries:
0x00007ff6a46a0000 - 0x00007ff6a46b0000 	C:\Program Files\Java\jdk-24\bin\java.exe
0x00007ff9effa0000 - 0x00007ff9f01a7000 	C:\Windows\SYSTEM32\ntdll.dll
0x00007ff9ee4c0000 - 0x00007ff9ee57d000 	C:\Windows\System32\KERNEL32.DLL
0x00007ff9ed4f0000 - 0x00007ff9ed864000 	C:\Windows\System32\KERNELBASE.dll
0x00007ff9edd10000 - 0x00007ff9ede21000 	C:\Windows\System32\ucrtbase.dll
0x00007ff9de240000 - 0x00007ff9de256000 	C:\Program Files\Java\jdk-24\bin\jli.dll
0x00007ff9eec50000 - 0x00007ff9eedfc000 	C:\Windows\System32\USER32.dll
0x00007ff9ed870000 - 0x00007ff9ed896000 	C:\Windows\System32\win32u.dll
0x00007ff9ef720000 - 0x00007ff9ef749000 	C:\Windows\System32\GDI32.dll
0x00007ff9ed8a0000 - 0x00007ff9ed9b2000 	C:\Windows\System32\gdi32full.dll
0x00007ff9edb00000 - 0x00007ff9edb9d000 	C:\Windows\System32\msvcp_win.dll
0x00007ff9dfe50000 - 0x00007ff9dfe6b000 	C:\Program Files\Java\jdk-24\bin\VCRUNTIME140.dll
0x00007ff9dd320000 - 0x00007ff9dd5c5000 	C:\Windows\WinSxS\amd64_microsoft.windows.common-controls_6595b64144ccf1df_6.0.22000.120_none_9d947278b86cc467\COMCTL32.dll
0x00007ff9ef110000 - 0x00007ff9ef1b3000 	C:\Windows\System32\msvcrt.dll
0x00007ff9ede90000 - 0x00007ff9edec1000 	C:\Windows\System32\IMM32.DLL
0x00000000544b0000 - 0x00000000544bc000 	C:\Program Files (x86)\360\Total Security\safemon\SafeWrapper.dll
0x00007ff9ee610000 - 0x00007ff9ee6bc000 	C:\Windows\System32\ADVAPI32.dll
0x00007ff9eea40000 - 0x00007ff9eeadd000 	C:\Windows\System32\sechost.dll
0x00007ff9eefe0000 - 0x00007ff9ef101000 	C:\Windows\System32\RPCRT4.dll
0x00007ff9bedd0000 - 0x00007ff9bee7c000 	C:\Program Files (x86)\360\Total Security\safemon\libzdtp64.dll
0x00007ff9ef7b0000 - 0x00007ff9eff59000 	C:\Windows\System32\SHELL32.dll
0x00007ff9ef750000 - 0x00007ff9ef7ad000 	C:\Windows\System32\SHLWAPI.dll
0x00007ff9eceb0000 - 0x00007ff9eceba000 	C:\Windows\SYSTEM32\VERSION.dll
0x00007ff9ea480000 - 0x00007ff9ea48c000 	C:\Program Files\Java\jdk-24\bin\vcruntime140_1.dll
0x00007ff9a9390000 - 0x00007ff9a941e000 	C:\Program Files\Java\jdk-24\bin\msvcp140.dll
0x00007ff964a80000 - 0x00007ff965822000 	C:\Program Files\Java\jdk-24\bin\server\jvm.dll
0x00007ff9ef1d0000 - 0x00007ff9ef23f000 	C:\Windows\System32\WS2_32.dll
0x00007ff9ed350000 - 0x00007ff9ed39d000 	C:\Windows\SYSTEM32\POWRPROF.dll
0x00007ff9e62c0000 - 0x00007ff9e62f3000 	C:\Windows\SYSTEM32\WINMM.dll
0x00007ff9ed330000 - 0x00007ff9ed343000 	C:\Windows\SYSTEM32\UMPDC.dll
0x00007ff9ec510000 - 0x00007ff9ec528000 	C:\Windows\SYSTEM32\kernel.appcore.dll
0x00007ff9ea430000 - 0x00007ff9ea43a000 	C:\Program Files\Java\jdk-24\bin\jimage.dll
0x00007ff9eafb0000 - 0x00007ff9eb1d1000 	C:\Windows\SYSTEM32\DBGHELP.DLL
0x00007ff9d9b20000 - 0x00007ff9d9b51000 	C:\Windows\SYSTEM32\dbgcore.DLL
0x00007ff9ed9c0000 - 0x00007ff9eda40000 	C:\Windows\System32\bcryptPrimitives.dll
0x00007ff9e7860000 - 0x00007ff9e786f000 	C:\Program Files\Java\jdk-24\bin\instrument.dll
0x00007ff9dfdf0000 - 0x00007ff9dfe0e000 	C:\Program Files\Java\jdk-24\bin\java.dll
0x00007ff9ee0f0000 - 0x00007ff9ee28a000 	C:\Windows\System32\ole32.dll
0x00007ff9ee6c0000 - 0x00007ff9eea38000 	C:\Windows\System32\combase.dll
0x00007ff9eb580000 - 0x00007ff9ebde2000 	C:\Windows\SYSTEM32\windows.storage.dll
0x00007ff9eb410000 - 0x00007ff9eb576000 	C:\Windows\SYSTEM32\wintypes.dll
0x00007ff9ee290000 - 0x00007ff9ee37a000 	C:\Windows\System32\SHCORE.dll
0x00007ff9ed3b0000 - 0x00007ff9ed3d1000 	C:\Windows\SYSTEM32\profapi.dll
0x00007ff9dee90000 - 0x00007ff9def67000 	C:\Program Files\Java\jdk-24\bin\jsvml.dll
0x00007ff9dfdb0000 - 0x00007ff9dfdc7000 	C:\Program Files\Java\jdk-24\bin\zip.dll
0x00007ff9e43d0000 - 0x00007ff9e43e0000 	C:\Program Files\Java\jdk-24\bin\net.dll
0x00007ff9ec930000 - 0x00007ff9ec997000 	C:\Windows\system32\mswsock.dll
0x00007ff9dfdd0000 - 0x00007ff9dfde6000 	C:\Program Files\Java\jdk-24\bin\nio.dll
0x00007ff9dfda0000 - 0x00007ff9dfdb0000 	C:\Program Files\Java\jdk-24\bin\verify.dll
0x00007ff9df1c0000 - 0x00007ff9df1e7000 	C:\Users\HAPPY COMPUTER\.gradle\native\1def1411415f61bf3af743bc5b6707747c0891f09f0c88961ee8f79bc544acac\windows-amd64\native-platform.dll
0x00007ff9a9550000 - 0x00007ff9a95c8000 	C:\Users\HAPPY COMPUTER\.gradle\native\0.2.7\x86_64-windows-gnu\gradle-fileevents.dll
0x00007ff9d83d0000 - 0x00007ff9d83da000 	C:\Program Files\Java\jdk-24\bin\management.dll
0x00007ff9d8330000 - 0x00007ff9d833b000 	C:\Program Files\Java\jdk-24\bin\management_ext.dll
0x00007ff9ef240000 - 0x00007ff9ef248000 	C:\Windows\System32\PSAPI.DLL
0x00007ff9ec080000 - 0x00007ff9ec0ad000 	C:\Windows\SYSTEM32\IPHLPAPI.DLL
0x00007ff9eded0000 - 0x00007ff9eded9000 	C:\Windows\System32\NSI.dll
0x00007ff9dfd90000 - 0x00007ff9dfd99000 	C:\Program Files\Java\jdk-24\bin\extnet.dll
0x00007ff9ecb90000 - 0x00007ff9ecba8000 	C:\Windows\SYSTEM32\CRYPTSP.dll
0x00007ff9ec470000 - 0x00007ff9ec4a5000 	C:\Windows\system32\rsaenh.dll
0x00007ff9eca40000 - 0x00007ff9eca69000 	C:\Windows\SYSTEM32\USERENV.dll
0x00007ff9ecd80000 - 0x00007ff9ecda7000 	C:\Windows\SYSTEM32\bcrypt.dll
0x00007ff9ecbb0000 - 0x00007ff9ecbbc000 	C:\Windows\SYSTEM32\CRYPTBASE.dll
0x00007ff9e8940000 - 0x00007ff9e894e000 	C:\Program Files\Java\jdk-24\bin\sunmscapi.dll
0x00007ff9edba0000 - 0x00007ff9edd02000 	C:\Windows\System32\CRYPT32.dll
0x00007ff9ecd50000 - 0x00007ff9ecd78000 	C:\Windows\SYSTEM32\ncrypt.dll
0x00007ff9ecd10000 - 0x00007ff9ecd47000 	C:\Windows\SYSTEM32\NTASN1.dll
0x00007ff9ddce0000 - 0x00007ff9ddce8000 	C:\Windows\system32\wshunix.dll
0x00007ff9ea8b0000 - 0x00007ff9ea8e4000 	C:\Windows\SYSTEM32\ntmarta.dll
0x00007ff9ca1c0000 - 0x00007ff9ca1d7000 	C:\Windows\system32\napinsp.dll
0x00007ff9ca1a0000 - 0x00007ff9ca1bb000 	C:\Windows\system32\pnrpnsp.dll
0x00007ff9ec0b0000 - 0x00007ff9ec197000 	C:\Windows\SYSTEM32\DNSAPI.dll
0x00007ff9ca180000 - 0x00007ff9ca192000 	C:\Windows\System32\winrnr.dll
0x00007ff9e4ca0000 - 0x00007ff9e4cb5000 	C:\Windows\system32\wshbth.dll
0x00007ff9ca160000 - 0x00007ff9ca17f000 	C:\Windows\system32\nlansp_c.dll
0x00007ff9d97f0000 - 0x00007ff9d97fa000 	C:\Windows\System32\rasadhlp.dll
0x00007ff9e1040000 - 0x00007ff9e10c1000 	C:\Windows\System32\fwpuclnt.dll
0x00007ff9ea490000 - 0x00007ff9ea497000 	C:\Program Files\Java\jdk-24\bin\rmi.dll

JVMTI agents:
C:\Users\HAPPY COMPUTER\.gradle\wrapper\dists\gradle-8.14-all\c2qonpi39x1mddn7hk5gh9iqj\gradle-8.14\lib\agents\gradle-instrumentation-agent-8.14.jar path:C:\Program Files\Java\jdk-24\bin\instrument.dll, loaded, initialized, instrumentlib options:none

dbghelp: loaded successfully - version: 4.0.5 - missing functions: none
symbol engine: initialized successfully - sym options: 0x614 - pdb path: .;C:\Program Files\Java\jdk-24\bin;C:\Windows\SYSTEM32;C:\Windows\WinSxS\amd64_microsoft.windows.common-controls_6595b64144ccf1df_6.0.22000.120_none_9d947278b86cc467;C:\Program Files (x86)\360\Total Security\safemon;C:\Program Files\Java\jdk-24\bin\server;C:\Users\HAPPY COMPUTER\.gradle\native\1def1411415f61bf3af743bc5b6707747c0891f09f0c88961ee8f79bc544acac\windows-amd64;C:\Users\HAPPY COMPUTER\.gradle\native\0.2.7\x86_64-windows-gnu

VM Arguments:
jvm_args: --add-opens=java.base/java.lang=ALL-UNNAMED --add-opens=java.base/java.lang.invoke=ALL-UNNAMED --add-opens=java.base/java.util=ALL-UNNAMED --add-opens=java.prefs/java.util.prefs=ALL-UNNAMED --add-exports=jdk.compiler/com.sun.tools.javac.api=ALL-UNNAMED --add-exports=jdk.compiler/com.sun.tools.javac.util=ALL-UNNAMED --add-opens=java.base/java.util=ALL-UNNAMED --add-opens=java.prefs/java.util.prefs=ALL-UNNAMED --add-opens=java.base/java.nio.charset=ALL-UNNAMED --add-opens=java.base/java.net=ALL-UNNAMED --add-opens=java.base/java.util.concurrent.atomic=ALL-UNNAMED --add-opens=java.xml/javax.xml.namespace=ALL-UNNAMED --enable-native-access=ALL-UNNAMED -XX:MaxMetaspaceSize=4G -XX:ReservedCodeCacheSize=512m -XX:+HeapDumpOnOutOfMemoryError -Xmx8G -Dfile.encoding=UTF-8 -Duser.country=US -Duser.language=en -Duser.variant -javaagent:C:\Users\HAPPY COMPUTER\.gradle\wrapper\dists\gradle-8.14-all\c2qonpi39x1mddn7hk5gh9iqj\gradle-8.14\lib\agents\gradle-instrumentation-agent-8.14.jar 
java_command: org.gradle.launcher.daemon.bootstrap.GradleDaemon 8.14
java_class_path (initial): C:\Users\HAPPY COMPUTER\.gradle\wrapper\dists\gradle-8.14-all\c2qonpi39x1mddn7hk5gh9iqj\gradle-8.14\lib\gradle-daemon-main-8.14.jar
Launcher Type: SUN_STANDARD

[Global flags]
     intx CICompilerCount                          = 3                                         {product} {ergonomic}
     uint ConcGCThreads                            = 1                                         {product} {ergonomic}
     uint G1ConcRefinementThreads                  = 4                                         {product} {ergonomic}
   size_t G1HeapRegionSize                         = 4194304                                   {product} {ergonomic}
     bool HeapDumpOnOutOfMemoryError               = true                                   {manageable} {command line}
   size_t InitialHeapSize                          = 58720256                                  {product} {ergonomic}
   size_t MarkStackSize                            = 4194304                                   {product} {ergonomic}
   size_t MarkStackSizeMax                         = 536870912                                 {product} {ergonomic}
   size_t MaxHeapSize                              = 8589934592                                {product} {command line}
   size_t MaxMetaspaceSize                         = 4294967296                                {product} {command line}
   size_t MaxNewSize                               = 5150605312                                {product} {ergonomic}
   size_t MinHeapDeltaBytes                        = 4194304                                   {product} {ergonomic}
   size_t MinHeapSize                              = 8388608                                   {product} {ergonomic}
    uintx NonNMethodCodeHeapSize                   = 5832704                                {pd product} {ergonomic}
    uintx NonProfiledCodeHeapSize                  = 265551872                              {pd product} {ergonomic}
    uintx ProfiledCodeHeapSize                     = 265486336                              {pd product} {ergonomic}
    uintx ReservedCodeCacheSize                    = 536870912                              {pd product} {command line, ergonomic}
     bool SegmentedCodeCache                       = true                                      {product} {ergonomic}
   size_t SoftMaxHeapSize                          = 8589934592                             {manageable} {ergonomic}
     bool UseCompressedOops                        = true                           {product lp64_product} {ergonomic}
     bool UseG1GC                                  = true                                      {product} {ergonomic}
     bool UseLargePagesIndividualAllocation        = false                                  {pd product} {ergonomic}

Logging:
Log output configuration:
 #0: stdout all=warning uptime,level,tags foldmultilines=false
 #1: stderr all=off uptime,level,tags foldmultilines=false

Environment Variables:
JAVA_HOME=C:\Program Files\Java\jdk-24
PATH=C:\Program Files\Java\jdk-24\bin;C:\Windows\system32;C:\Windows;C:\Windows\System32\Wbem;C:\Windows\System32\WindowsPowerShell\v1.0\;C:\Windows\System32\OpenSSH\;C:\Program Files (x86)\Microsoft SQL Server\160\Tools\Binn\;C:\Program Files\Microsoft SQL Server\160\Tools\Binn\;C:\Program Files\Microsoft SQL Server\Client SDK\ODBC\170\Tools\Binn\;C:\Program Files\Microsoft SQL Server\160\DTS\Binn\;C:\Program Files (x86)\Microsoft SQL Server\160\DTS\Binn\;C:\Program Files\Graphviz\bin;C:\Program Files\Git\cmd;C:\Program Files\nodejs\;C:\Program Files\WireGuard\;C:\Program Files\Common Files\Oracle\Java\javapath;C:\hadoop-3.4.2\bin;C:\hadoop-3.4.2\sbin;C:\hadoop-3.4.2\bin;D:\ANDROID\platform-tools;D:\ANDROID\cmdline-tools\latest\bin;C:\Users\HAPPY COMPUTER\AppData\Local\Programs\Python\Python312\Scripts\;C:\Users\HAPPY COMPUTER\AppData\Local\Programs\Python\Python312\;C:\Users\HAPPY COMPUTER\AppData\Local\Programs\Python\Python311\Scripts\;C:\Users\HAPPY COMPUTER\AppData\Local\Programs\Python\Python311\;C:\Users\HAPPY COMPUTER\AppData\Local\Microsoft\WindowsApps;C:\Program Files\JetBrains\PyCharm Community Edition 2022.3.3\bin;;C:\Users\HAPPY COMPUTER\IntelliJ IDEA Community Edition 2024.2.1\bin;;C:\Users\HAPPY COMPUTER\AppData\Microsoft VS Code\bin;C:\Program Files\nodejs;C:\Users\HAPPY COMPUTER\AppData\Roaming\npm;D:\ANDROID\platform-tools;D:\ANDROID\platform-tools;D:\SRC\flutter\bin;
USERNAME=HAPPY COMPUTER
OS=Windows_NT
PROCESSOR_IDENTIFIER=AMD64 Family 23 Model 24 Stepping 1, AuthenticAMD
TMP=C:\Users\HAPPYC~1\AppData\Local\Temp
TEMP=C:\Users\HAPPYC~1\AppData\Local\Temp




Periodic native trim disabled

---------------  S Y S T E M  ---------------

OS:
 Windows 11 , 64 bit Build 22000 (10.0.22000.120)
OS uptime: 0 days 21:50 hours
Hyper-V role detected

CPU: total 4 (initial active 4) (4 cores per cpu, 2 threads per core) family 23 model 24 stepping 1 microcode 0x0, cx8, cmov, fxsr, ht, mmx, 3dnowpref, sse, sse2, sse3, ssse3, sse4a, sse4.1, sse4.2, popcnt, lzcnt, tsc, tscinvbit, avx, avx2, aes, clmul, bmi1, bmi2, adx, sha, fma, vzeroupper, clflush, clflushopt, hv, rdtscp, f16c
Processor Information for the first 4 processors :
  Max Mhz: 2400, Current Mhz: 2400, Mhz Limit: 2400

Memory: 4k page, system-wide physical 3534M (336M free)
TotalPageFile size 14286M (AvailPageFile size 52M)
current process WorkingSet (physical memory assigned to process): 631M, peak: 744M
current process commit charge ("private bytes"): 1008M, peak: 1128M

vm_info: Java HotSpot(TM) 64-Bit Server VM (24.0.1+9-30) for windows-amd64 JRE (24.0.1+9-30), built on 2025-03-05T07:23:45Z with MS VC++ 17.6 (VS2022)

END.
